<?xml version="1.0" encoding="UTF-8"?>
<coverage generated="1778470237515" clover="3.2.0">
  <project timestamp="1778470237515" name="All files">
    <metrics statements="313" coveredstatements="210" conditionals="171" coveredconditionals="87" methods="65" coveredmethods="43" elements="549" coveredelements="340" complexity="0" loc="313" ncloc="313" packages="3" files="10" classes="10"/>
    <package name="src">
      <metrics statements="2" coveredstatements="0" conditionals="0" coveredconditionals="0" methods="0" coveredmethods="0"/>
      <file name="index.ts" path="/Users/ganyanlin/Desktop/shuzhi_code/project/dos/dev-proxy-cookie/src/index.ts">
        <metrics statements="2" coveredstatements="0" conditionals="0" coveredconditionals="0" methods="0" coveredmethods="0"/>
        <line num="1" count="0" type="stmt"/>
        <line num="2" count="0" type="stmt"/>
      </file>
    </package>
    <package name="src.proxy">
      <metrics statements="253" coveredstatements="154" conditionals="155" coveredconditionals="73" methods="51" coveredmethods="29"/>
      <file name="core.ts" path="/Users/ganyanlin/Desktop/shuzhi_code/project/dos/dev-proxy-cookie/src/proxy/core.ts">
        <metrics statements="141" coveredstatements="79" conditionals="73" coveredconditionals="31" methods="23" coveredmethods="14"/>
        <line num="1" count="5" type="stmt"/>
        <line num="3" count="5" type="stmt"/>
        <line num="4" count="5" type="stmt"/>
        <line num="7" count="5" type="stmt"/>
        <line num="8" count="5" type="stmt"/>
        <line num="64" count="5" type="stmt"/>
        <line num="66" count="47" type="stmt"/>
        <line num="67" count="47" type="stmt"/>
        <line num="68" count="47" type="stmt"/>
        <line num="69" count="47" type="stmt"/>
        <line num="73" count="47" type="stmt"/>
        <line num="80" count="47" type="stmt"/>
        <line num="88" count="47" type="stmt"/>
        <line num="106" count="47" type="stmt"/>
        <line num="109" count="47" type="stmt"/>
        <line num="110" count="5" type="cond" truecount="2" falsecount="0"/>
        <line num="111" count="2" type="stmt"/>
        <line num="112" count="2" type="cond" truecount="1" falsecount="1"/>
        <line num="114" count="2" type="cond" truecount="4" falsecount="0"/>
        <line num="115" count="1" type="stmt"/>
        <line num="116" count="1" type="stmt"/>
        <line num="120" count="1" type="stmt"/>
        <line num="121" count="1" type="stmt"/>
        <line num="127" count="16" type="cond" truecount="2" falsecount="0"/>
        <line num="128" count="16" type="cond" truecount="1" falsecount="1"/>
        <line num="130" count="16" type="stmt"/>
        <line num="131" count="22" type="cond" truecount="2" falsecount="0"/>
        <line num="132" count="11" type="stmt"/>
        <line num="136" count="5" type="stmt"/>
        <line num="140" count="15" type="cond" truecount="1" falsecount="1"/>
        <line num="141" count="15" type="stmt"/>
        <line num="142" count="34" type="stmt"/>
        <line num="147" count="13" type="stmt"/>
        <line num="148" count="13" type="cond" truecount="1" falsecount="1"/>
        <line num="149" count="13" type="stmt"/>
        <line num="151" count="13" type="cond" truecount="2" falsecount="0"/>
        <line num="152" count="11" type="cond" truecount="2" falsecount="0"/>
        <line num="153" count="4" type="stmt"/>
        <line num="154" count="7" type="cond" truecount="1" falsecount="1"/>
        <line num="155" count="0" type="stmt"/>
        <line num="157" count="7" type="stmt"/>
        <line num="173" count="1" type="stmt"/>
        <line num="175" count="1" type="stmt"/>
        <line num="192" count="47" type="stmt"/>
        <line num="193" count="1" type="cond" truecount="1" falsecount="1"/>
        <line num="194" count="0" type="stmt"/>
        <line num="195" count="0" type="cond" truecount="0" falsecount="2"/>
        <line num="196" count="0" type="stmt"/>
        <line num="198" count="0" type="stmt"/>
        <line num="202" count="1" type="stmt"/>
        <line num="204" count="1" type="cond" truecount="1" falsecount="1"/>
        <line num="205" count="1" type="stmt"/>
        <line num="206" count="1" type="stmt"/>
        <line num="208" count="0" type="stmt"/>
        <line num="213" count="47" type="stmt"/>
        <line num="214" count="1" type="stmt"/>
        <line num="224" count="1" type="stmt"/>
        <line num="225" count="1" type="stmt"/>
        <line num="226" count="1" type="stmt"/>
        <line num="227" count="1" type="stmt"/>
        <line num="229" count="1" type="stmt"/>
        <line num="231" count="1" type="cond" truecount="1" falsecount="1"/>
        <line num="232" count="1" type="stmt"/>
        <line num="233" count="1" type="stmt"/>
        <line num="235" count="0" type="stmt"/>
        <line num="240" count="47" type="stmt"/>
        <line num="241" count="1" type="stmt"/>
        <line num="242" count="1" type="stmt"/>
        <line num="244" count="1" type="cond" truecount="2" falsecount="2"/>
        <line num="245" count="0" type="stmt"/>
        <line num="246" count="0" type="stmt"/>
        <line num="253" count="1" type="cond" truecount="1" falsecount="1"/>
        <line num="254" count="1" type="stmt"/>
        <line num="255" count="1" type="stmt"/>
        <line num="257" count="0" type="stmt"/>
        <line num="262" count="47" type="stmt"/>
        <line num="263" count="1" type="stmt"/>
        <line num="264" count="1" type="stmt"/>
        <line num="266" count="1" type="cond" truecount="1" falsecount="1"/>
        <line num="267" count="1" type="stmt"/>
        <line num="270" count="1" type="cond" truecount="1" falsecount="1"/>
        <line num="271" count="1" type="stmt"/>
        <line num="272" count="1" type="stmt"/>
        <line num="274" count="0" type="stmt"/>
        <line num="280" count="0" type="stmt"/>
        <line num="281" count="0" type="stmt"/>
        <line num="283" count="0" type="stmt"/>
        <line num="284" count="0" type="stmt"/>
        <line num="296" count="0" type="stmt"/>
        <line num="298" count="0" type="stmt"/>
        <line num="299" count="0" type="stmt"/>
        <line num="300" count="0" type="stmt"/>
        <line num="301" count="0" type="cond" truecount="0" falsecount="2"/>
        <line num="302" count="0" type="stmt"/>
        <line num="305" count="0" type="stmt"/>
        <line num="307" count="0" type="stmt"/>
        <line num="310" count="0" type="stmt"/>
        <line num="311" count="0" type="cond" truecount="0" falsecount="2"/>
        <line num="313" count="0" type="cond" truecount="0" falsecount="2"/>
        <line num="314" count="0" type="stmt"/>
        <line num="315" count="0" type="stmt"/>
        <line num="318" count="0" type="stmt"/>
        <line num="320" count="0" type="cond" truecount="0" falsecount="2"/>
        <line num="321" count="0" type="stmt"/>
        <line num="322" count="0" type="cond" truecount="0" falsecount="4"/>
        <line num="323" count="0" type="stmt"/>
        <line num="326" count="0" type="stmt"/>
        <line num="328" count="0" type="stmt"/>
        <line num="329" count="0" type="stmt"/>
        <line num="331" count="0" type="stmt"/>
        <line num="332" count="0" type="stmt"/>
        <line num="335" count="0" type="stmt"/>
        <line num="339" count="0" type="cond" truecount="0" falsecount="5"/>
        <line num="340" count="0" type="stmt"/>
        <line num="341" count="0" type="cond" truecount="0" falsecount="2"/>
        <line num="343" count="0" type="cond" truecount="0" falsecount="2"/>
        <line num="344" count="0" type="stmt"/>
        <line num="345" count="0" type="stmt"/>
        <line num="348" count="0" type="stmt"/>
        <line num="350" count="0" type="stmt"/>
        <line num="358" count="0" type="stmt"/>
        <line num="361" count="0" type="stmt"/>
        <line num="363" count="0" type="stmt"/>
        <line num="364" count="0" type="stmt"/>
        <line num="365" count="0" type="stmt"/>
        <line num="366" count="0" type="cond" truecount="0" falsecount="2"/>
        <line num="367" count="0" type="stmt"/>
        <line num="369" count="0" type="cond" truecount="0" falsecount="2"/>
        <line num="370" count="0" type="stmt"/>
        <line num="375" count="0" type="stmt"/>
        <line num="379" count="0" type="stmt"/>
        <line num="385" count="3" type="cond" truecount="1" falsecount="1"/>
        <line num="386" count="0" type="stmt"/>
        <line num="387" count="0" type="stmt"/>
        <line num="389" count="3" type="cond" truecount="1" falsecount="1"/>
        <line num="390" count="0" type="stmt"/>
        <line num="391" count="0" type="stmt"/>
        <line num="393" count="3" type="stmt"/>
        <line num="397" count="6" type="stmt"/>
        <line num="401" count="5" type="stmt"/>
        <line num="402" count="47" type="stmt"/>
      </file>
      <file name="index.ts" path="/Users/ganyanlin/Desktop/shuzhi_code/project/dos/dev-proxy-cookie/src/proxy/index.ts">
        <metrics statements="5" coveredstatements="5" conditionals="0" coveredconditionals="0" methods="0" coveredmethods="0"/>
        <line num="1" count="2" type="stmt"/>
        <line num="2" count="2" type="stmt"/>
        <line num="3" count="2" type="stmt"/>
        <line num="4" count="2" type="stmt"/>
        <line num="5" count="2" type="stmt"/>
      </file>
      <file name="vite-adapter.ts" path="/Users/ganyanlin/Desktop/shuzhi_code/project/dos/dev-proxy-cookie/src/proxy/vite-adapter.ts">
        <metrics statements="26" coveredstatements="25" conditionals="12" coveredconditionals="12" methods="4" coveredmethods="4"/>
        <line num="2" count="3" type="stmt"/>
        <line num="3" count="3" type="stmt"/>
        <line num="5" count="3" type="stmt"/>
        <line num="6" count="3" type="stmt"/>
        <line num="9" count="14" type="cond" truecount="2" falsecount="0"/>
        <line num="10" count="13" type="stmt"/>
        <line num="13" count="1" type="stmt"/>
        <line num="14" count="1" type="stmt"/>
        <line num="15" count="1" type="stmt"/>
        <line num="16" count="1" type="stmt"/>
        <line num="18" count="0" type="stmt"/>
        <line num="21" count="1" type="stmt"/>
        <line num="37" count="3" type="stmt"/>
        <line num="41" count="10" type="stmt"/>
        <line num="43" count="10" type="stmt"/>
        <line num="45" count="10" type="cond" truecount="2" falsecount="0"/>
        <line num="46" count="1" type="stmt"/>
        <line num="49" count="10" type="cond" truecount="5" falsecount="0"/>
        <line num="50" count="3" type="stmt"/>
        <line num="57" count="7" type="stmt"/>
        <line num="67" count="7" type="stmt"/>
        <line num="70" count="3" type="stmt"/>
        <line num="71" count="2" type="stmt"/>
        <line num="72" count="2" type="stmt"/>
        <line num="75" count="3" type="stmt"/>
        <line num="76" count="2" type="stmt"/>
      </file>
      <file name="vite-cookie-plugin.ts" path="/Users/ganyanlin/Desktop/shuzhi_code/project/dos/dev-proxy-cookie/src/proxy/vite-cookie-plugin.ts">
        <metrics statements="24" coveredstatements="7" conditionals="16" coveredconditionals="1" methods="6" coveredmethods="1"/>
        <line num="2" count="4" type="stmt"/>
        <line num="10" count="4" type="stmt"/>
        <line num="11" count="8" type="cond" truecount="1" falsecount="0"/>
        <line num="12" count="8" type="stmt"/>
        <line num="13" count="8" type="stmt"/>
        <line num="15" count="8" type="stmt"/>
        <line num="17" count="8" type="stmt"/>
        <line num="22" count="0" type="stmt"/>
        <line num="23" count="0" type="cond" truecount="0" falsecount="2"/>
        <line num="24" count="0" type="stmt"/>
        <line num="27" count="0" type="cond" truecount="0" falsecount="3"/>
        <line num="31" count="0" type="cond" truecount="0" falsecount="4"/>
        <line num="32" count="0" type="stmt"/>
        <line num="33" count="0" type="cond" truecount="0" falsecount="4"/>
        <line num="34" count="0" type="cond" truecount="0" falsecount="2"/>
        <line num="35" count="0" type="stmt"/>
        <line num="37" count="0" type="stmt"/>
        <line num="40" count="0" type="stmt"/>
        <line num="43" count="0" type="stmt"/>
        <line num="46" count="0" type="stmt"/>
        <line num="47" count="0" type="stmt"/>
        <line num="48" count="0" type="stmt"/>
        <line num="51" count="0" type="stmt"/>
        <line num="57" count="0" type="stmt"/>
      </file>
      <file name="vite-plugin.ts" path="/Users/ganyanlin/Desktop/shuzhi_code/project/dos/dev-proxy-cookie/src/proxy/vite-plugin.ts">
        <metrics statements="18" coveredstatements="6" conditionals="15" coveredconditionals="1" methods="6" coveredmethods="1"/>
        <line num="2" count="4" type="stmt"/>
        <line num="9" count="0" type="cond" truecount="0" falsecount="4"/>
        <line num="10" count="0" type="stmt"/>
        <line num="12" count="0" type="cond" truecount="0" falsecount="4"/>
        <line num="13" count="0" type="stmt"/>
        <line num="15" count="0" type="stmt"/>
        <line num="18" count="4" type="stmt"/>
        <line num="22" count="11" type="stmt"/>
        <line num="24" count="11" type="stmt"/>
        <line num="26" count="11" type="stmt"/>
        <line num="31" count="0" type="stmt"/>
        <line num="37" count="0" type="stmt"/>
        <line num="38" count="0" type="stmt"/>
        <line num="40" count="0" type="stmt"/>
        <line num="42" count="0" type="cond" truecount="0" falsecount="2"/>
        <line num="43" count="0" type="stmt"/>
        <line num="49" count="0" type="stmt"/>
        <line num="54" count="4" type="stmt"/>
      </file>
      <file name="vue-proxy-config.ts" path="/Users/ganyanlin/Desktop/shuzhi_code/project/dos/dev-proxy-cookie/src/proxy/vue-proxy-config.ts">
        <metrics statements="39" coveredstatements="32" conditionals="39" coveredconditionals="28" methods="12" coveredmethods="9"/>
        <line num="2" count="3" type="stmt"/>
        <line num="25" count="3" type="stmt"/>
        <line num="37" count="15" type="stmt"/>
        <line num="39" count="15" type="stmt"/>
        <line num="46" count="5" type="cond" truecount="2" falsecount="0"/>
        <line num="47" count="5" type="cond" truecount="2" falsecount="0"/>
        <line num="48" count="3" type="stmt"/>
        <line num="50" count="5" type="cond" truecount="1" falsecount="1"/>
        <line num="51" count="0" type="cond" truecount="0" falsecount="2"/>
        <line num="52" count="0" type="cond" truecount="0" falsecount="2"/>
        <line num="56" count="0" type="stmt"/>
        <line num="60" count="15" type="stmt"/>
        <line num="63" count="3" type="stmt"/>
        <line num="64" count="6" type="stmt"/>
        <line num="65" count="6" type="stmt"/>
        <line num="67" count="6" type="stmt"/>
        <line num="70" count="0" type="stmt"/>
        <line num="71" count="0" type="cond" truecount="0" falsecount="2"/>
        <line num="74" count="0" type="stmt"/>
        <line num="78" count="6" type="stmt"/>
        <line num="88" count="3" type="stmt"/>
        <line num="89" count="18" type="cond" truecount="3" falsecount="0"/>
        <line num="91" count="18" type="stmt"/>
        <line num="98" count="8" type="cond" truecount="1" falsecount="1"/>
        <line num="100" count="8" type="cond" truecount="2" falsecount="0"/>
        <line num="101" count="2" type="cond" truecount="2" falsecount="0"/>
        <line num="102" count="1" type="stmt"/>
        <line num="105" count="6" type="cond" truecount="2" falsecount="0"/>
        <line num="106" count="1" type="stmt"/>
        <line num="110" count="6" type="cond" truecount="2" falsecount="0"/>
        <line num="111" count="6" type="cond" truecount="2" falsecount="0"/>
        <line num="112" count="4" type="stmt"/>
        <line num="114" count="6" type="cond" truecount="1" falsecount="1"/>
        <line num="115" count="0" type="cond" truecount="0" falsecount="2"/>
        <line num="119" count="1" type="stmt"/>
        <line num="123" count="18" type="stmt"/>
        <line num="127" count="18" type="stmt"/>
        <line num="128" count="4" type="stmt"/>
        <line num="131" count="18" type="stmt"/>
      </file>
    </package>
    <package name="src.utils">
      <metrics statements="58" coveredstatements="56" conditionals="16" coveredconditionals="14" methods="14" coveredmethods="14"/>
      <file name="cookie-reader.ts" path="/Users/ganyanlin/Desktop/shuzhi_code/project/dos/dev-proxy-cookie/src/utils/cookie-reader.ts">
        <metrics statements="24" coveredstatements="23" conditionals="10" coveredconditionals="9" methods="7" coveredmethods="7"/>
        <line num="1" count="8" type="stmt"/>
        <line num="2" count="8" type="stmt"/>
        <line num="9" count="8" type="stmt"/>
        <line num="13" count="103" type="stmt"/>
        <line num="20" count="57" type="stmt"/>
        <line num="21" count="57" type="stmt"/>
        <line num="22" count="57" type="cond" truecount="2" falsecount="0"/>
        <line num="23" count="54" type="cond" truecount="1" falsecount="1"/>
        <line num="25" count="54" type="stmt"/>
        <line num="26" count="54" type="stmt"/>
        <line num="27" count="82" type="stmt"/>
        <line num="28" count="82" type="cond" truecount="2" falsecount="0"/>
        <line num="29" count="54" type="stmt"/>
        <line num="31" count="3" type="stmt"/>
        <line num="33" count="0" type="stmt"/>
        <line num="38" count="23" type="stmt"/>
        <line num="39" count="23" type="stmt"/>
        <line num="41" count="23" type="cond" truecount="2" falsecount="0"/>
        <line num="42" count="1" type="stmt"/>
        <line num="45" count="23" type="cond" truecount="2" falsecount="0"/>
        <line num="46" count="5" type="stmt"/>
        <line num="51" count="8" type="stmt"/>
        <line num="52" count="2" type="stmt"/>
        <line num="53" count="3" type="stmt"/>
      </file>
      <file name="cookie-watcher.ts" path="/Users/ganyanlin/Desktop/shuzhi_code/project/dos/dev-proxy-cookie/src/utils/cookie-watcher.ts">
        <metrics statements="32" coveredstatements="31" conditionals="6" coveredconditionals="5" methods="7" coveredmethods="7"/>
        <line num="3" count="8" type="stmt"/>
        <line num="4" count="8" type="stmt"/>
        <line num="13" count="8" type="stmt"/>
        <line num="14" count="24" type="stmt"/>
        <line num="17" count="24" type="stmt"/>
        <line num="20" count="24" type="stmt"/>
        <line num="24" count="24" type="stmt"/>
        <line num="27" count="24" type="stmt"/>
        <line num="28" count="12" type="stmt"/>
        <line num="29" count="12" type="cond" truecount="2" falsecount="0"/>
        <line num="30" count="9" type="stmt"/>
        <line num="31" count="9" type="stmt"/>
        <line num="32" count="9" type="stmt"/>
        <line num="37" count="21" type="cond" truecount="1" falsecount="1"/>
        <line num="38" count="21" type="stmt"/>
        <line num="41" count="21" type="stmt"/>
        <line num="42" count="21" type="stmt"/>
        <line num="44" count="21" type="stmt"/>
        <line num="45" count="21" type="stmt"/>
        <line num="54" count="21" type="stmt"/>
        <line num="55" count="21" type="stmt"/>
        <line num="56" count="1" type="stmt"/>
        <line num="59" count="0" type="stmt"/>
        <line num="64" count="18" type="cond" truecount="2" falsecount="0"/>
        <line num="65" count="15" type="stmt"/>
        <line num="66" count="15" type="stmt"/>
        <line num="67" count="15" type="stmt"/>
        <line num="72" count="8" type="stmt"/>
        <line num="76" count="8" type="stmt"/>
        <line num="81" count="19" type="stmt"/>
        <line num="86" count="19" type="stmt"/>
        <line num="87" count="19" type="stmt"/>
      </file>
      <file name="index.ts" path="/Users/ganyanlin/Desktop/shuzhi_code/project/dos/dev-proxy-cookie/src/utils/index.ts">
        <metrics statements="2" coveredstatements="2" conditionals="0" coveredconditionals="0" methods="0" coveredmethods="0"/>
        <line num="1" count="7" type="stmt"/>
        <line num="2" count="7" type="stmt"/>
      </file>
    </package>
  </project>
</coverage>
