{"/Users/ganyanlin/Desktop/shuzhi_code/project/dos/dev-proxy-cookie/src/index.ts": {"path":"/Users/ganyanlin/Desktop/shuzhi_code/project/dos/dev-proxy-cookie/src/index.ts","statementMap":{"0":{"start":{"line":1,"column":0},"end":{"line":1,"column":24}},"1":{"start":{"line":2,"column":0},"end":{"line":2,"column":24}}},"fnMap":{},"branchMap":{},"s":{"0":0,"1":0},"f":{},"b":{}}
,"/Users/ganyanlin/Desktop/shuzhi_code/project/dos/dev-proxy-cookie/src/proxy/core.ts": {"path":"/Users/ganyanlin/Desktop/shuzhi_code/project/dos/dev-proxy-cookie/src/proxy/core.ts","statementMap":{"0":{"start":{"line":401,"column":0},"end":{"line":401,"column":16}},"1":{"start":{"line":1,"column":0},"end":{"line":1,"column":29}},"2":{"start":{"line":3,"column":0},"end":{"line":3,"column":25}},"3":{"start":{"line":4,"column":0},"end":{"line":4,"column":29}},"4":{"start":{"line":7,"column":0},"end":{"line":7,"column":35}},"5":{"start":{"line":8,"column":0},"end":{"line":8,"column":72}},"6":{"start":{"line":66,"column":10},"end":{"line":66,"column":37}},"7":{"start":{"line":67,"column":10},"end":{"line":67,"column":46}},"8":{"start":{"line":68,"column":10},"end":{"line":68,"column":49}},"9":{"start":{"line":69,"column":10},"end":{"line":69,"column":47}},"10":{"start":{"line":109,"column":10},"end":{"line":124,"column":4}},"11":{"start":{"line":110,"column":4},"end":{"line":123,"column":5}},"12":{"start":{"line":111,"column":6},"end":{"line":111,"column":37}},"13":{"start":{"line":112,"column":6},"end":{"line":112,"column":100}},"14":{"start":{"line":114,"column":6},"end":{"line":122,"column":7}},"15":{"start":{"line":115,"column":27},"end":{"line":115,"column":71}},"16":{"start":{"line":116,"column":8},"end":{"line":119,"column":21}},"17":{"start":{"line":120,"column":8},"end":{"line":120,"column":85}},"18":{"start":{"line":121,"column":8},"end":{"line":121,"column":103}},"19":{"start":{"line":192,"column":10},"end":{"line":211,"column":4}},"20":{"start":{"line":193,"column":4},"end":{"line":200,"column":5}},"21":{"start":{"line":194,"column":29},"end":{"line":194,"column":57}},"22":{"start":{"line":195,"column":6},"end":{"line":199,"column":7}},"23":{"start":{"line":196,"column":8},"end":{"line":196,"column":81}},"24":{"start":{"line":198,"column":8},"end":{"line":198,"column":57}},"25":{"start":{"line":202,"column":4},"end":{"line":202,"column":79}},"26":{"start":{"line":204,"column":4},"end":{"line":210,"column":5}},"27":{"start":{"line":205,"column":6},"end":{"line":209,"column":7}},"28":{"start":{"line":206,"column":8},"end":{"line":206,"column":58}},"29":{"start":{"line":208,"column":8},"end":{"line":208,"column":94}},"30":{"start":{"line":213,"column":10},"end":{"line":238,"column":4}},"31":{"start":{"line":214,"column":27},"end":{"line":222,"column":6}},"32":{"start":{"line":224,"column":4},"end":{"line":224,"column":54}},"33":{"start":{"line":225,"column":4},"end":{"line":225,"column":85}},"34":{"start":{"line":226,"column":4},"end":{"line":226,"column":76}},"35":{"start":{"line":227,"column":4},"end":{"line":227,"column":62}},"36":{"start":{"line":229,"column":4},"end":{"line":229,"column":89}},"37":{"start":{"line":231,"column":4},"end":{"line":237,"column":5}},"38":{"start":{"line":232,"column":6},"end":{"line":236,"column":7}},"39":{"start":{"line":233,"column":8},"end":{"line":233,"column":58}},"40":{"start":{"line":235,"column":8},"end":{"line":235,"column":94}},"41":{"start":{"line":240,"column":10},"end":{"line":260,"column":4}},"42":{"start":{"line":241,"column":4},"end":{"line":241,"column":69}},"43":{"start":{"line":242,"column":4},"end":{"line":242,"column":57}},"44":{"start":{"line":244,"column":4},"end":{"line":251,"column":5}},"45":{"start":{"line":245,"column":6},"end":{"line":245,"column":80}},"46":{"start":{"line":246,"column":6},"end":{"line":250,"column":10}},"47":{"start":{"line":253,"column":4},"end":{"line":259,"column":5}},"48":{"start":{"line":254,"column":6},"end":{"line":258,"column":7}},"49":{"start":{"line":255,"column":8},"end":{"line":255,"column":50}},"50":{"start":{"line":257,"column":8},"end":{"line":257,"column":95}},"51":{"start":{"line":262,"column":10},"end":{"line":277,"column":4}},"52":{"start":{"line":263,"column":4},"end":{"line":263,"column":79}},"53":{"start":{"line":264,"column":4},"end":{"line":264,"column":67}},"54":{"start":{"line":266,"column":4},"end":{"line":268,"column":5}},"55":{"start":{"line":267,"column":6},"end":{"line":267,"column":21}},"56":{"start":{"line":270,"column":4},"end":{"line":276,"column":5}},"57":{"start":{"line":271,"column":6},"end":{"line":275,"column":7}},"58":{"start":{"line":272,"column":8},"end":{"line":272,"column":55}},"59":{"start":{"line":274,"column":8},"end":{"line":274,"column":97}},"60":{"start":{"line":73,"column":47},"end":{"line":78,"column":6}},"61":{"start":{"line":80,"column":26},"end":{"line":86,"column":6}},"62":{"start":{"line":88,"column":4},"end":{"line":105,"column":6}},"63":{"start":{"line":106,"column":4},"end":{"line":106,"column":77}},"64":{"start":{"line":127,"column":21},"end":{"line":127,"column":50}},"65":{"start":{"line":128,"column":21},"end":{"line":128,"column":48}},"66":{"start":{"line":130,"column":4},"end":{"line":134,"column":5}},"67":{"start":{"line":131,"column":6},"end":{"line":133,"column":7}},"68":{"start":{"line":132,"column":8},"end":{"line":132,"column":22}},"69":{"start":{"line":136,"column":4},"end":{"line":136,"column":31}},"70":{"start":{"line":140,"column":24},"end":{"line":140,"column":54}},"71":{"start":{"line":141,"column":4},"end":{"line":143,"column":6}},"72":{"start":{"line":142,"column":6},"end":{"line":142,"column":34}},"73":{"start":{"line":147,"column":43},"end":{"line":147,"column":83}},"74":{"start":{"line":148,"column":25},"end":{"line":148,"column":64}},"75":{"start":{"line":149,"column":21},"end":{"line":149,"column":34}},"76":{"start":{"line":151,"column":4},"end":{"line":159,"column":5}},"77":{"start":{"line":152,"column":6},"end":{"line":158,"column":7}},"78":{"start":{"line":153,"column":8},"end":{"line":153,"column":31}},"79":{"start":{"line":154,"column":13},"end":{"line":158,"column":7}},"80":{"start":{"line":155,"column":8},"end":{"line":155,"column":30}},"81":{"start":{"line":157,"column":8},"end":{"line":157,"column":29}},"82":{"start":{"line":173,"column":8},"end":{"line":173,"column":20}},"83":{"start":{"line":175,"column":4},"end":{"line":189,"column":6}},"84":{"start":{"line":280,"column":4},"end":{"line":280,"column":25}},"85":{"start":{"line":281,"column":4},"end":{"line":281,"column":56}},"86":{"start":{"line":283,"column":4},"end":{"line":308,"column":5}},"87":{"start":{"line":284,"column":41},"end":{"line":294,"column":8}},"88":{"start":{"line":296,"column":6},"end":{"line":296,"column":92}},"89":{"start":{"line":298,"column":6},"end":{"line":298,"column":61}},"90":{"start":{"line":299,"column":6},"end":{"line":299,"column":61}},"91":{"start":{"line":300,"column":6},"end":{"line":300,"column":55}},"92":{"start":{"line":301,"column":6},"end":{"line":303,"column":7}},"93":{"start":{"line":302,"column":9},"end":{"line":302,"column":70}},"94":{"start":{"line":305,"column":6},"end":{"line":305,"column":88}},"95":{"start":{"line":307,"column":6},"end":{"line":307,"column":112}},"96":{"start":{"line":310,"column":4},"end":{"line":337,"column":7}},"97":{"start":{"line":311,"column":23},"end":{"line":311,"column":75}},"98":{"start":{"line":313,"column":6},"end":{"line":316,"column":7}},"99":{"start":{"line":314,"column":8},"end":{"line":314,"column":15}},"100":{"start":{"line":315,"column":8},"end":{"line":315,"column":15}},"101":{"start":{"line":318,"column":6},"end":{"line":318,"column":58}},"102":{"start":{"line":320,"column":6},"end":{"line":336,"column":7}},"103":{"start":{"line":321,"column":23},"end":{"line":321,"column":44}},"104":{"start":{"line":322,"column":8},"end":{"line":324,"column":9}},"105":{"start":{"line":323,"column":10},"end":{"line":323,"column":73}},"106":{"start":{"line":326,"column":29},"end":{"line":326,"column":60}},"107":{"start":{"line":328,"column":8},"end":{"line":333,"column":9}},"108":{"start":{"line":329,"column":10},"end":{"line":329,"column":55}},"109":{"start":{"line":331,"column":10},"end":{"line":331,"column":79}},"110":{"start":{"line":332,"column":10},"end":{"line":332,"column":20}},"111":{"start":{"line":335,"column":8},"end":{"line":335,"column":15}},"112":{"start":{"line":339,"column":4},"end":{"line":359,"column":5}},"113":{"start":{"line":340,"column":6},"end":{"line":356,"column":9}},"114":{"start":{"line":341,"column":25},"end":{"line":341,"column":77}},"115":{"start":{"line":343,"column":8},"end":{"line":346,"column":9}},"116":{"start":{"line":344,"column":10},"end":{"line":344,"column":27}},"117":{"start":{"line":345,"column":10},"end":{"line":345,"column":17}},"118":{"start":{"line":348,"column":23},"end":{"line":348,"column":44}},"119":{"start":{"line":350,"column":8},"end":{"line":355,"column":11}},"120":{"start":{"line":358,"column":6},"end":{"line":358,"column":81}},"121":{"start":{"line":361,"column":4},"end":{"line":361,"column":26}},"122":{"start":{"line":363,"column":4},"end":{"line":363,"column":72}},"123":{"start":{"line":364,"column":4},"end":{"line":364,"column":71}},"124":{"start":{"line":365,"column":4},"end":{"line":365,"column":80}},"125":{"start":{"line":366,"column":4},"end":{"line":368,"column":5}},"126":{"start":{"line":367,"column":6},"end":{"line":367,"column":65}},"127":{"start":{"line":369,"column":4},"end":{"line":371,"column":5}},"128":{"start":{"line":370,"column":6},"end":{"line":370,"column":70}},"129":{"start":{"line":375,"column":4},"end":{"line":381,"column":6}},"130":{"start":{"line":379,"column":8},"end":{"line":379,"column":80}},"131":{"start":{"line":385,"column":4},"end":{"line":388,"column":5}},"132":{"start":{"line":386,"column":6},"end":{"line":386,"column":26}},"133":{"start":{"line":387,"column":6},"end":{"line":387,"column":26}},"134":{"start":{"line":389,"column":4},"end":{"line":392,"column":5}},"135":{"start":{"line":390,"column":6},"end":{"line":390,"column":31}},"136":{"start":{"line":391,"column":6},"end":{"line":391,"column":30}},"137":{"start":{"line":393,"column":4},"end":{"line":393,"column":50}},"138":{"start":{"line":397,"column":4},"end":{"line":397,"column":30}},"139":{"start":{"line":64,"column":0},"end":{"line":64,"column":13}},"140":{"start":{"line":402,"column":2},"end":{"line":402,"column":38}}},"fnMap":{"0":{"name":"(anonymous_10)","decl":{"start":{"line":72,"column":2},"end":{"line":72,"column":14}},"loc":{"start":{"line":72,"column":45},"end":{"line":107,"column":3}}},"1":{"name":"(anonymous_11)","decl":{"start":{"line":109,"column":31},"end":{"line":109,"column":32}},"loc":{"start":{"line":109,"column":59},"end":{"line":124,"column":3}}},"2":{"name":"(anonymous_12)","decl":{"start":{"line":192,"column":29},"end":{"line":192,"column":30}},"loc":{"start":{"line":192,"column":121},"end":{"line":211,"column":3}}},"3":{"name":"(anonymous_13)","decl":{"start":{"line":213,"column":29},"end":{"line":213,"column":30}},"loc":{"start":{"line":213,"column":96},"end":{"line":238,"column":3}}},"4":{"name":"(anonymous_14)","decl":{"start":{"line":240,"column":26},"end":{"line":240,"column":27}},"loc":{"start":{"line":240,"column":103},"end":{"line":260,"column":3}}},"5":{"name":"(anonymous_15)","decl":{"start":{"line":262,"column":28},"end":{"line":262,"column":29}},"loc":{"start":{"line":262,"column":84},"end":{"line":277,"column":3}}},"6":{"name":"(anonymous_16)","decl":{"start":{"line":74,"column":18},"end":{"line":74,"column":21}},"loc":{"start":{"line":74,"column":23},"end":{"line":74,"column":26}}},"7":{"name":"(anonymous_17)","decl":{"start":{"line":75,"column":18},"end":{"line":75,"column":21}},"loc":{"start":{"line":75,"column":23},"end":{"line":75,"column":26}}},"8":{"name":"(anonymous_18)","decl":{"start":{"line":76,"column":15},"end":{"line":76,"column":18}},"loc":{"start":{"line":76,"column":20},"end":{"line":76,"column":23}}},"9":{"name":"(anonymous_19)","decl":{"start":{"line":77,"column":17},"end":{"line":77,"column":20}},"loc":{"start":{"line":77,"column":22},"end":{"line":77,"column":25}}},"10":{"name":"(anonymous_20)","decl":{"start":{"line":126,"column":10},"end":{"line":126,"column":21}},"loc":{"start":{"line":126,"column":42},"end":{"line":137,"column":3}}},"11":{"name":"(anonymous_21)","decl":{"start":{"line":139,"column":10},"end":{"line":139,"column":23}},"loc":{"start":{"line":139,"column":40},"end":{"line":144,"column":3}}},"12":{"name":"(anonymous_22)","decl":{"start":{"line":141,"column":28},"end":{"line":141,"column":35}},"loc":{"start":{"line":142,"column":6},"end":{"line":142,"column":34}}},"13":{"name":"(anonymous_23)","decl":{"start":{"line":146,"column":10},"end":{"line":146,"column":13}},"loc":{"start":{"line":146,"column":72},"end":{"line":160,"column":3}}},"14":{"name":"(anonymous_24)","decl":{"start":{"line":162,"column":10},"end":{"line":162,"column":28}},"loc":{"start":{"line":162,"column":43},"end":{"line":190,"column":3}}},"15":{"name":"(anonymous_25)","decl":{"start":{"line":279,"column":2},"end":{"line":279,"column":7}},"loc":{"start":{"line":279,"column":35},"end":{"line":372,"column":3}}},"16":{"name":"(anonymous_26)","decl":{"start":{"line":310,"column":27},"end":{"line":310,"column":28}},"loc":{"start":{"line":310,"column":61},"end":{"line":337,"column":5}}},"17":{"name":"(anonymous_27)","decl":{"start":{"line":340,"column":43},"end":{"line":340,"column":44}},"loc":{"start":{"line":340,"column":95},"end":{"line":356,"column":7}}},"18":{"name":"(anonymous_28)","decl":{"start":{"line":374,"column":10},"end":{"line":374,"column":24}},"loc":{"start":{"line":374,"column":24},"end":{"line":382,"column":3}}},"19":{"name":"(anonymous_29)","decl":{"start":{"line":378,"column":6},"end":{"line":378,"column":7}},"loc":{"start":{"line":378,"column":16},"end":{"line":380,"column":7}}},"20":{"name":"(anonymous_30)","decl":{"start":{"line":384,"column":2},"end":{"line":384,"column":6}},"loc":{"start":{"line":384,"column":6},"end":{"line":394,"column":3}}},"21":{"name":"(anonymous_31)","decl":{"start":{"line":396,"column":2},"end":{"line":396,"column":18}},"loc":{"start":{"line":396,"column":18},"end":{"line":398,"column":3}}},"22":{"name":"createAutoProxyCookie","decl":{"start":{"line":401,"column":16},"end":{"line":401,"column":37}},"loc":{"start":{"line":401,"column":69},"end":{"line":403,"column":1}}}},"branchMap":{"0":{"loc":{"start":{"line":110,"column":4},"end":{"line":123,"column":5}},"type":"if","locations":[{"start":{"line":110,"column":4},"end":{"line":123,"column":5}},{"start":{},"end":{}}]},"1":{"loc":{"start":{"line":112,"column":60},"end":{"line":112,"column":98}},"type":"cond-expr","locations":[{"start":{"line":112,"column":72},"end":{"line":112,"column":86}},{"start":{"line":112,"column":89},"end":{"line":112,"column":98}}]},"2":{"loc":{"start":{"line":114,"column":6},"end":{"line":122,"column":7}},"type":"if","locations":[{"start":{"line":114,"column":6},"end":{"line":122,"column":7}},{"start":{},"end":{}}]},"3":{"loc":{"start":{"line":114,"column":10},"end":{"line":114,"column":68}},"type":"binary-expr","locations":[{"start":{"line":114,"column":10},"end":{"line":114,"column":34}},{"start":{"line":114,"column":38},"end":{"line":114,"column":68}}]},"4":{"loc":{"start":{"line":193,"column":4},"end":{"line":200,"column":5}},"type":"if","locations":[{"start":{"line":193,"column":4},"end":{"line":200,"column":5}},{"start":{},"end":{}}]},"5":{"loc":{"start":{"line":195,"column":6},"end":{"line":199,"column":7}},"type":"if","locations":[{"start":{"line":195,"column":6},"end":{"line":199,"column":7}},{"start":{"line":197,"column":13},"end":{"line":199,"column":7}}]},"6":{"loc":{"start":{"line":204,"column":4},"end":{"line":210,"column":5}},"type":"if","locations":[{"start":{"line":204,"column":4},"end":{"line":210,"column":5}},{"start":{},"end":{}}]},"7":{"loc":{"start":{"line":231,"column":4},"end":{"line":237,"column":5}},"type":"if","locations":[{"start":{"line":231,"column":4},"end":{"line":237,"column":5}},{"start":{},"end":{}}]},"8":{"loc":{"start":{"line":244,"column":4},"end":{"line":251,"column":5}},"type":"if","locations":[{"start":{"line":244,"column":4},"end":{"line":251,"column":5}},{"start":{},"end":{}}]},"9":{"loc":{"start":{"line":244,"column":8},"end":{"line":244,"column":62}},"type":"binary-expr","locations":[{"start":{"line":244,"column":8},"end":{"line":244,"column":42}},{"start":{"line":244,"column":46},"end":{"line":244,"column":62}}]},"10":{"loc":{"start":{"line":253,"column":4},"end":{"line":259,"column":5}},"type":"if","locations":[{"start":{"line":253,"column":4},"end":{"line":259,"column":5}},{"start":{},"end":{}}]},"11":{"loc":{"start":{"line":266,"column":4},"end":{"line":268,"column":5}},"type":"if","locations":[{"start":{"line":266,"column":4},"end":{"line":268,"column":5}},{"start":{},"end":{}}]},"12":{"loc":{"start":{"line":270,"column":4},"end":{"line":276,"column":5}},"type":"if","locations":[{"start":{"line":270,"column":4},"end":{"line":276,"column":5}},{"start":{},"end":{}}]},"13":{"loc":{"start":{"line":84,"column":12},"end":{"line":84,"column":31}},"type":"binary-expr","locations":[{"start":{"line":84,"column":12},"end":{"line":84,"column":25}},{"start":{"line":84,"column":29},"end":{"line":84,"column":31}}]},"14":{"loc":{"start":{"line":127,"column":21},"end":{"line":127,"column":50}},"type":"binary-expr","locations":[{"start":{"line":127,"column":21},"end":{"line":127,"column":43}},{"start":{"line":127,"column":47},"end":{"line":127,"column":50}}]},"15":{"loc":{"start":{"line":128,"column":21},"end":{"line":128,"column":48}},"type":"binary-expr","locations":[{"start":{"line":128,"column":21},"end":{"line":128,"column":42}},{"start":{"line":128,"column":46},"end":{"line":128,"column":48}}]},"16":{"loc":{"start":{"line":131,"column":6},"end":{"line":133,"column":7}},"type":"if","locations":[{"start":{"line":131,"column":6},"end":{"line":133,"column":7}},{"start":{},"end":{}}]},"17":{"loc":{"start":{"line":140,"column":24},"end":{"line":140,"column":54}},"type":"binary-expr","locations":[{"start":{"line":140,"column":24},"end":{"line":140,"column":48}},{"start":{"line":140,"column":52},"end":{"line":140,"column":54}}]},"18":{"loc":{"start":{"line":148,"column":32},"end":{"line":148,"column":63}},"type":"binary-expr","locations":[{"start":{"line":148,"column":32},"end":{"line":148,"column":53}},{"start":{"line":148,"column":57},"end":{"line":148,"column":63}}]},"19":{"loc":{"start":{"line":151,"column":4},"end":{"line":159,"column":5}},"type":"if","locations":[{"start":{"line":151,"column":4},"end":{"line":159,"column":5}},{"start":{},"end":{}}]},"20":{"loc":{"start":{"line":152,"column":6},"end":{"line":158,"column":7}},"type":"if","locations":[{"start":{"line":152,"column":6},"end":{"line":158,"column":7}},{"start":{"line":154,"column":13},"end":{"line":158,"column":7}}]},"21":{"loc":{"start":{"line":154,"column":13},"end":{"line":158,"column":7}},"type":"if","locations":[{"start":{"line":154,"column":13},"end":{"line":158,"column":7}},{"start":{"line":156,"column":13},"end":{"line":158,"column":7}}]},"22":{"loc":{"start":{"line":301,"column":6},"end":{"line":303,"column":7}},"type":"if","locations":[{"start":{"line":301,"column":6},"end":{"line":303,"column":7}},{"start":{},"end":{}}]},"23":{"loc":{"start":{"line":311,"column":31},"end":{"line":311,"column":45}},"type":"binary-expr","locations":[{"start":{"line":311,"column":31},"end":{"line":311,"column":38}},{"start":{"line":311,"column":42},"end":{"line":311,"column":45}}]},"24":{"loc":{"start":{"line":313,"column":6},"end":{"line":316,"column":7}},"type":"if","locations":[{"start":{"line":313,"column":6},"end":{"line":316,"column":7}},{"start":{},"end":{}}]},"25":{"loc":{"start":{"line":320,"column":6},"end":{"line":336,"column":7}},"type":"if","locations":[{"start":{"line":320,"column":6},"end":{"line":336,"column":7}},{"start":{"line":334,"column":13},"end":{"line":336,"column":7}}]},"26":{"loc":{"start":{"line":322,"column":8},"end":{"line":324,"column":9}},"type":"if","locations":[{"start":{"line":322,"column":8},"end":{"line":324,"column":9}},{"start":{},"end":{}}]},"27":{"loc":{"start":{"line":322,"column":12},"end":{"line":322,"column":67}},"type":"binary-expr","locations":[{"start":{"line":322,"column":12},"end":{"line":322,"column":30}},{"start":{"line":322,"column":34},"end":{"line":322,"column":67}}]},"28":{"loc":{"start":{"line":339,"column":4},"end":{"line":359,"column":5}},"type":"if","locations":[{"start":{"line":339,"column":4},"end":{"line":359,"column":5}},{"start":{},"end":{}}]},"29":{"loc":{"start":{"line":339,"column":8},"end":{"line":339,"column":69}},"type":"binary-expr","locations":[{"start":{"line":339,"column":8},"end":{"line":339,"column":23}},{"start":{"line":339,"column":27},"end":{"line":339,"column":49}},{"start":{"line":339,"column":53},"end":{"line":339,"column":69}}]},"30":{"loc":{"start":{"line":341,"column":33},"end":{"line":341,"column":47}},"type":"binary-expr","locations":[{"start":{"line":341,"column":33},"end":{"line":341,"column":40}},{"start":{"line":341,"column":44},"end":{"line":341,"column":47}}]},"31":{"loc":{"start":{"line":343,"column":8},"end":{"line":346,"column":9}},"type":"if","locations":[{"start":{"line":343,"column":8},"end":{"line":346,"column":9}},{"start":{},"end":{}}]},"32":{"loc":{"start":{"line":366,"column":4},"end":{"line":368,"column":5}},"type":"if","locations":[{"start":{"line":366,"column":4},"end":{"line":368,"column":5}},{"start":{},"end":{}}]},"33":{"loc":{"start":{"line":369,"column":4},"end":{"line":371,"column":5}},"type":"if","locations":[{"start":{"line":369,"column":4},"end":{"line":371,"column":5}},{"start":{},"end":{}}]},"34":{"loc":{"start":{"line":385,"column":4},"end":{"line":388,"column":5}},"type":"if","locations":[{"start":{"line":385,"column":4},"end":{"line":388,"column":5}},{"start":{},"end":{}}]},"35":{"loc":{"start":{"line":389,"column":4},"end":{"line":392,"column":5}},"type":"if","locations":[{"start":{"line":389,"column":4},"end":{"line":392,"column":5}},{"start":{},"end":{}}]}},"s":{"0":5,"1":5,"2":5,"3":5,"4":5,"5":5,"6":47,"7":47,"8":47,"9":47,"10":47,"11":5,"12":2,"13":2,"14":2,"15":1,"16":1,"17":1,"18":1,"19":47,"20":1,"21":0,"22":0,"23":0,"24":0,"25":1,"26":1,"27":1,"28":1,"29":0,"30":47,"31":1,"32":1,"33":1,"34":1,"35":1,"36":1,"37":1,"38":1,"39":1,"40":0,"41":47,"42":1,"43":1,"44":1,"45":0,"46":0,"47":1,"48":1,"49":1,"50":0,"51":47,"52":1,"53":1,"54":1,"55":1,"56":1,"57":1,"58":1,"59":0,"60":47,"61":47,"62":47,"63":47,"64":16,"65":16,"66":16,"67":22,"68":11,"69":5,"70":15,"71":15,"72":34,"73":13,"74":13,"75":13,"76":13,"77":11,"78":4,"79":7,"80":0,"81":7,"82":1,"83":1,"84":0,"85":0,"86":0,"87":0,"88":0,"89":0,"90":0,"91":0,"92":0,"93":0,"94":0,"95":0,"96":0,"97":0,"98":0,"99":0,"100":0,"101":0,"102":0,"103":0,"104":0,"105":0,"106":0,"107":0,"108":0,"109":0,"110":0,"111":0,"112":0,"113":0,"114":0,"115":0,"116":0,"117":0,"118":0,"119":0,"120":0,"121":0,"122":0,"123":0,"124":0,"125":0,"126":0,"127":0,"128":0,"129":0,"130":0,"131":3,"132":0,"133":0,"134":3,"135":0,"136":0,"137":3,"138":6,"139":5,"140":47},"f":{"0":47,"1":5,"2":1,"3":1,"4":1,"5":1,"6":0,"7":0,"8":0,"9":0,"10":16,"11":15,"12":34,"13":13,"14":1,"15":0,"16":0,"17":0,"18":0,"19":0,"20":3,"21":6,"22":47},"b":{"0":[2,3],"1":[2,0],"2":[1,1],"3":[2,1],"4":[0,1],"5":[0,0],"6":[1,0],"7":[1,0],"8":[0,1],"9":[1,0],"10":[1,0],"11":[1,0],"12":[1,0],"13":[47,42],"14":[16,2],"15":[16,0],"16":[11,11],"17":[15,0],"18":[13,0],"19":[11,2],"20":[4,7],"21":[0,7],"22":[0,0],"23":[0,0],"24":[0,0],"25":[0,0],"26":[0,0],"27":[0,0],"28":[0,0],"29":[0,0,0],"30":[0,0],"31":[0,0],"32":[0,0],"33":[0,0],"34":[0,3],"35":[0,3]}}
,"/Users/ganyanlin/Desktop/shuzhi_code/project/dos/dev-proxy-cookie/src/proxy/index.ts": {"path":"/Users/ganyanlin/Desktop/shuzhi_code/project/dos/dev-proxy-cookie/src/proxy/index.ts","statementMap":{"0":{"start":{"line":1,"column":0},"end":{"line":1,"column":23}},"1":{"start":{"line":2,"column":0},"end":{"line":2,"column":30}},"2":{"start":{"line":3,"column":0},"end":{"line":3,"column":37}},"3":{"start":{"line":4,"column":0},"end":{"line":4,"column":35}},"4":{"start":{"line":5,"column":0},"end":{"line":5,"column":31}}},"fnMap":{},"branchMap":{},"s":{"0":2,"1":2,"2":2,"3":2,"4":2},"f":{},"b":{}}
,"/Users/ganyanlin/Desktop/shuzhi_code/project/dos/dev-proxy-cookie/src/proxy/vite-adapter.ts": {"path":"/Users/ganyanlin/Desktop/shuzhi_code/project/dos/dev-proxy-cookie/src/proxy/vite-adapter.ts","statementMap":{"0":{"start":{"line":37,"column":0},"end":{"line":37,"column":16}},"1":{"start":{"line":70,"column":0},"end":{"line":70,"column":16}},"2":{"start":{"line":75,"column":0},"end":{"line":75,"column":16}},"3":{"start":{"line":2,"column":0},"end":{"line":2,"column":91}},"4":{"start":{"line":3,"column":0},"end":{"line":3,"column":90}},"5":{"start":{"line":5,"column":26},"end":{"line":5,"column":28}},"6":{"start":{"line":6,"column":34},"end":{"line":6,"column":38}},"7":{"start":{"line":9,"column":2},"end":{"line":11,"column":3}},"8":{"start":{"line":10,"column":4},"end":{"line":10,"column":24}},"9":{"start":{"line":13,"column":2},"end":{"line":19,"column":3}},"10":{"start":{"line":14,"column":16},"end":{"line":14,"column":44}},"11":{"start":{"line":15,"column":4},"end":{"line":15,"column":30}},"12":{"start":{"line":16,"column":4},"end":{"line":16,"column":59}},"13":{"start":{"line":18,"column":4},"end":{"line":18,"column":21}},"14":{"start":{"line":21,"column":2},"end":{"line":21,"column":22}},"15":{"start":{"line":41,"column":6},"end":{"line":41,"column":13}},"16":{"start":{"line":43,"column":18},"end":{"line":43,"column":37}},"17":{"start":{"line":45,"column":2},"end":{"line":47,"column":3}},"18":{"start":{"line":46,"column":4},"end":{"line":46,"column":65}},"19":{"start":{"line":49,"column":2},"end":{"line":55,"column":3}},"20":{"start":{"line":50,"column":4},"end":{"line":54,"column":7}},"21":{"start":{"line":57,"column":58},"end":{"line":65,"column":4}},"22":{"start":{"line":67,"column":2},"end":{"line":67,"column":44}},"23":{"start":{"line":71,"column":2},"end":{"line":71,"column":22}},"24":{"start":{"line":72,"column":2},"end":{"line":72,"column":21}},"25":{"start":{"line":76,"column":2},"end":{"line":76,"column":29}}},"fnMap":{"0":{"name":"detectViteVersion","decl":{"start":{"line":8,"column":9},"end":{"line":8,"column":26}},"loc":{"start":{"line":8,"column":26},"end":{"line":22,"column":1}}},"1":{"name":"createDevProxyCookie","decl":{"start":{"line":37,"column":16},"end":{"line":37,"column":36}},"loc":{"start":{"line":37,"column":71},"end":{"line":68,"column":1}}},"2":{"name":"getViteVersion","decl":{"start":{"line":70,"column":16},"end":{"line":70,"column":30}},"loc":{"start":{"line":70,"column":30},"end":{"line":73,"column":1}}},"3":{"name":"getViteMajorVersion","decl":{"start":{"line":75,"column":16},"end":{"line":75,"column":35}},"loc":{"start":{"line":75,"column":35},"end":{"line":77,"column":1}}}},"branchMap":{"0":{"loc":{"start":{"line":9,"column":2},"end":{"line":11,"column":3}},"type":"if","locations":[{"start":{"line":9,"column":2},"end":{"line":11,"column":3}},{"start":{},"end":{}}]},"1":{"loc":{"start":{"line":39,"column":4},"end":{"line":39,"column":17}},"type":"default-arg","locations":[{"start":{"line":39,"column":11},"end":{"line":39,"column":17}}]},"2":{"loc":{"start":{"line":45,"column":2},"end":{"line":47,"column":3}},"type":"if","locations":[{"start":{"line":45,"column":2},"end":{"line":47,"column":3}},{"start":{},"end":{}}]},"3":{"loc":{"start":{"line":49,"column":2},"end":{"line":55,"column":3}},"type":"if","locations":[{"start":{"line":49,"column":2},"end":{"line":55,"column":3}},{"start":{},"end":{}}]},"4":{"loc":{"start":{"line":49,"column":6},"end":{"line":49,"column":63}},"type":"binary-expr","locations":[{"start":{"line":49,"column":6},"end":{"line":49,"column":23}},{"start":{"line":49,"column":28},"end":{"line":49,"column":43}},{"start":{"line":49,"column":47},"end":{"line":49,"column":62}}]},"5":{"loc":{"start":{"line":61,"column":17},"end":{"line":61,"column":44}},"type":"binary-expr","locations":[{"start":{"line":61,"column":17},"end":{"line":61,"column":36}},{"start":{"line":61,"column":40},"end":{"line":61,"column":44}}]}},"s":{"0":3,"1":3,"2":3,"3":3,"4":3,"5":3,"6":3,"7":14,"8":13,"9":1,"10":1,"11":1,"12":1,"13":0,"14":1,"15":10,"16":10,"17":10,"18":1,"19":10,"20":3,"21":7,"22":7,"23":2,"24":2,"25":2},"f":{"0":14,"1":10,"2":2,"3":2},"b":{"0":[13,1],"1":[5],"2":[1,9],"3":[3,7],"4":[10,8,7],"5":[7,6]}}
,"/Users/ganyanlin/Desktop/shuzhi_code/project/dos/dev-proxy-cookie/src/proxy/vite-cookie-plugin.ts": {"path":"/Users/ganyanlin/Desktop/shuzhi_code/project/dos/dev-proxy-cookie/src/proxy/vite-cookie-plugin.ts","statementMap":{"0":{"start":{"line":10,"column":0},"end":{"line":10,"column":16}},"1":{"start":{"line":2,"column":0},"end":{"line":2,"column":72}},"2":{"start":{"line":11,"column":56},"end":{"line":11,"column":63}},"3":{"start":{"line":12,"column":38},"end":{"line":12,"column":42}},"4":{"start":{"line":13,"column":30},"end":{"line":13,"column":32}},"5":{"start":{"line":15,"column":23},"end":{"line":15,"column":55}},"6":{"start":{"line":17,"column":2},"end":{"line":59,"column":4}},"7":{"start":{"line":22,"column":6},"end":{"line":22,"column":48}},"8":{"start":{"line":23,"column":6},"end":{"line":25,"column":7}},"9":{"start":{"line":24,"column":8},"end":{"line":24,"column":69}},"10":{"start":{"line":27,"column":26},"end":{"line":29,"column":27}},"11":{"start":{"line":31,"column":6},"end":{"line":41,"column":7}},"12":{"start":{"line":32,"column":8},"end":{"line":38,"column":11}},"13":{"start":{"line":33,"column":10},"end":{"line":36,"column":11}},"14":{"start":{"line":34,"column":12},"end":{"line":34,"column":44}},"15":{"start":{"line":35,"column":12},"end":{"line":35,"column":50}},"16":{"start":{"line":37,"column":10},"end":{"line":37,"column":17}},"17":{"start":{"line":40,"column":8},"end":{"line":40,"column":109}},"18":{"start":{"line":43,"column":6},"end":{"line":53,"column":8}},"19":{"start":{"line":46,"column":10},"end":{"line":46,"column":36}},"20":{"start":{"line":47,"column":10},"end":{"line":47,"column":38}},"21":{"start":{"line":48,"column":10},"end":{"line":48,"column":103}},"22":{"start":{"line":51,"column":10},"end":{"line":51,"column":79}},"23":{"start":{"line":57,"column":6},"end":{"line":57,"column":22}}},"fnMap":{"0":{"name":"viteDevProxyCookie","decl":{"start":{"line":10,"column":16},"end":{"line":10,"column":34}},"loc":{"start":{"line":10,"column":69},"end":{"line":60,"column":1}}},"1":{"name":"(anonymous_1)","decl":{"start":{"line":21,"column":4},"end":{"line":21,"column":19}},"loc":{"start":{"line":21,"column":41},"end":{"line":54,"column":5}}},"2":{"name":"(anonymous_2)","decl":{"start":{"line":32,"column":24},"end":{"line":32,"column":25}},"loc":{"start":{"line":32,"column":59},"end":{"line":38,"column":9}}},"3":{"name":"(anonymous_3)","decl":{"start":{"line":45,"column":8},"end":{"line":45,"column":9}},"loc":{"start":{"line":45,"column":22},"end":{"line":49,"column":9}}},"4":{"name":"(anonymous_4)","decl":{"start":{"line":50,"column":8},"end":{"line":50,"column":9}},"loc":{"start":{"line":50,"column":18},"end":{"line":52,"column":9}}},"5":{"name":"(anonymous_5)","decl":{"start":{"line":56,"column":4},"end":{"line":56,"column":15}},"loc":{"start":{"line":56,"column":15},"end":{"line":58,"column":5}}}},"branchMap":{"0":{"loc":{"start":{"line":11,"column":22},"end":{"line":11,"column":35}},"type":"default-arg","locations":[{"start":{"line":11,"column":30},"end":{"line":11,"column":35}}]},"1":{"loc":{"start":{"line":23,"column":6},"end":{"line":25,"column":7}},"type":"if","locations":[{"start":{"line":23,"column":6},"end":{"line":25,"column":7}},{"start":{},"end":{}}]},"2":{"loc":{"start":{"line":27,"column":26},"end":{"line":29,"column":27}},"type":"binary-expr","locations":[{"start":{"line":27,"column":26},"end":{"line":27,"column":44}},{"start":{"line":28,"column":9},"end":{"line":28,"column":36}},{"start":{"line":29,"column":9},"end":{"line":29,"column":27}}]},"3":{"loc":{"start":{"line":31,"column":6},"end":{"line":41,"column":7}},"type":"if","locations":[{"start":{"line":31,"column":6},"end":{"line":41,"column":7}},{"start":{"line":39,"column":13},"end":{"line":41,"column":7}}]},"4":{"loc":{"start":{"line":31,"column":10},"end":{"line":31,"column":62}},"type":"binary-expr","locations":[{"start":{"line":31,"column":10},"end":{"line":31,"column":21}},{"start":{"line":31,"column":25},"end":{"line":31,"column":62}}]},"5":{"loc":{"start":{"line":33,"column":10},"end":{"line":36,"column":11}},"type":"if","locations":[{"start":{"line":33,"column":10},"end":{"line":36,"column":11}},{"start":{},"end":{}}]},"6":{"loc":{"start":{"line":33,"column":14},"end":{"line":33,"column":55}},"type":"binary-expr","locations":[{"start":{"line":33,"column":14},"end":{"line":33,"column":27}},{"start":{"line":33,"column":31},"end":{"line":33,"column":55}}]},"7":{"loc":{"start":{"line":34,"column":26},"end":{"line":34,"column":43}},"type":"binary-expr","locations":[{"start":{"line":34,"column":26},"end":{"line":34,"column":37}},{"start":{"line":34,"column":41},"end":{"line":34,"column":43}}]}},"s":{"0":4,"1":4,"2":8,"3":8,"4":8,"5":8,"6":8,"7":0,"8":0,"9":0,"10":0,"11":0,"12":0,"13":0,"14":0,"15":0,"16":0,"17":0,"18":0,"19":0,"20":0,"21":0,"22":0,"23":0},"f":{"0":8,"1":0,"2":0,"3":0,"4":0,"5":0},"b":{"0":[7],"1":[0,0],"2":[0,0,0],"3":[0,0],"4":[0,0],"5":[0,0],"6":[0,0],"7":[0,0]}}
,"/Users/ganyanlin/Desktop/shuzhi_code/project/dos/dev-proxy-cookie/src/proxy/vite-plugin.ts": {"path":"/Users/ganyanlin/Desktop/shuzhi_code/project/dos/dev-proxy-cookie/src/proxy/vite-plugin.ts","statementMap":{"0":{"start":{"line":18,"column":0},"end":{"line":18,"column":16}},"1":{"start":{"line":2,"column":0},"end":{"line":2,"column":9}},"2":{"start":{"line":54,"column":9},"end":{"line":2,"column":26}},"3":{"start":{"line":54,"column":26},"end":{"line":2,"column":93}},"4":{"start":{"line":9,"column":2},"end":{"line":11,"column":3}},"5":{"start":{"line":10,"column":4},"end":{"line":10,"column":29}},"6":{"start":{"line":12,"column":2},"end":{"line":14,"column":3}},"7":{"start":{"line":13,"column":4},"end":{"line":13,"column":26}},"8":{"start":{"line":15,"column":2},"end":{"line":15,"column":14}},"9":{"start":{"line":22,"column":6},"end":{"line":22,"column":13}},"10":{"start":{"line":24,"column":42},"end":{"line":24,"column":46}},"11":{"start":{"line":26,"column":2},"end":{"line":51,"column":4}},"12":{"start":{"line":31,"column":6},"end":{"line":35,"column":9}},"13":{"start":{"line":37,"column":6},"end":{"line":45,"column":7}},"14":{"start":{"line":38,"column":8},"end":{"line":38,"column":38}},"15":{"start":{"line":40,"column":8},"end":{"line":40,"column":80}},"16":{"start":{"line":42,"column":8},"end":{"line":44,"column":9}},"17":{"start":{"line":43,"column":10},"end":{"line":43,"column":82}},"18":{"start":{"line":49,"column":6},"end":{"line":49,"column":24}}},"fnMap":{"0":{"name":"(anonymous_0)","decl":{"start":{"line":54,"column":9},"end":{"line":54,"column":24}},"loc":{"start":{"line":54,"column":9},"end":{"line":2,"column":26}}},"1":{"name":"(anonymous_1)","decl":{"start":{"line":54,"column":26},"end":{"line":54,"column":47}},"loc":{"start":{"line":54,"column":26},"end":{"line":2,"column":93}}},"2":{"name":"getHttpServer","decl":{"start":{"line":8,"column":9},"end":{"line":8,"column":22}},"loc":{"start":{"line":8,"column":44},"end":{"line":16,"column":1}}},"3":{"name":"viteAutoProxyCookie","decl":{"start":{"line":18,"column":16},"end":{"line":18,"column":35}},"loc":{"start":{"line":18,"column":77},"end":{"line":52,"column":1}}},"4":{"name":"(anonymous_4)","decl":{"start":{"line":30,"column":4},"end":{"line":30,"column":9}},"loc":{"start":{"line":30,"column":47},"end":{"line":46,"column":5}}},"5":{"name":"(anonymous_5)","decl":{"start":{"line":48,"column":4},"end":{"line":48,"column":15}},"loc":{"start":{"line":48,"column":15},"end":{"line":50,"column":5}}}},"branchMap":{"0":{"loc":{"start":{"line":9,"column":2},"end":{"line":11,"column":3}},"type":"if","locations":[{"start":{"line":9,"column":2},"end":{"line":11,"column":3}},{"start":{},"end":{}}]},"1":{"loc":{"start":{"line":9,"column":6},"end":{"line":9,"column":49}},"type":"binary-expr","locations":[{"start":{"line":9,"column":6},"end":{"line":9,"column":28}},{"start":{"line":9,"column":32},"end":{"line":9,"column":49}}]},"2":{"loc":{"start":{"line":12,"column":2},"end":{"line":14,"column":3}},"type":"if","locations":[{"start":{"line":12,"column":2},"end":{"line":14,"column":3}},{"start":{},"end":{}}]},"3":{"loc":{"start":{"line":12,"column":6},"end":{"line":12,"column":43}},"type":"binary-expr","locations":[{"start":{"line":12,"column":6},"end":{"line":12,"column":25}},{"start":{"line":12,"column":29},"end":{"line":12,"column":43}}]},"4":{"loc":{"start":{"line":20,"column":4},"end":{"line":20,"column":35}},"type":"default-arg","locations":[{"start":{"line":20,"column":11},"end":{"line":20,"column":35}}]},"5":{"loc":{"start":{"line":33,"column":15},"end":{"line":33,"column":37}},"type":"binary-expr","locations":[{"start":{"line":33,"column":15},"end":{"line":33,"column":28}},{"start":{"line":33,"column":32},"end":{"line":33,"column":37}}]},"6":{"loc":{"start":{"line":34,"column":21},"end":{"line":34,"column":48}},"type":"binary-expr","locations":[{"start":{"line":34,"column":21},"end":{"line":34,"column":40}},{"start":{"line":34,"column":44},"end":{"line":34,"column":48}}]},"7":{"loc":{"start":{"line":42,"column":8},"end":{"line":44,"column":9}},"type":"if","locations":[{"start":{"line":42,"column":8},"end":{"line":44,"column":9}},{"start":{},"end":{}}]}},"s":{"0":4,"1":4,"2":4,"3":4,"4":0,"5":0,"6":0,"7":0,"8":0,"9":11,"10":11,"11":11,"12":0,"13":0,"14":0,"15":0,"16":0,"17":0,"18":0},"f":{"0":0,"1":0,"2":0,"3":11,"4":0,"5":0},"b":{"0":[0,0],"1":[0,0],"2":[0,0],"3":[0,0],"4":[10],"5":[0,0],"6":[0,0],"7":[0,0]}}
,"/Users/ganyanlin/Desktop/shuzhi_code/project/dos/dev-proxy-cookie/src/proxy/vue-proxy-config.ts": {"path":"/Users/ganyanlin/Desktop/shuzhi_code/project/dos/dev-proxy-cookie/src/proxy/vue-proxy-config.ts","statementMap":{"0":{"start":{"line":25,"column":0},"end":{"line":25,"column":16}},"1":{"start":{"line":63,"column":0},"end":{"line":63,"column":16}},"2":{"start":{"line":88,"column":0},"end":{"line":88,"column":16}},"3":{"start":{"line":2,"column":0},"end":{"line":2,"column":72}},"4":{"start":{"line":37,"column":6},"end":{"line":37,"column":13}},"5":{"start":{"line":39,"column":30},"end":{"line":58,"column":4}},"6":{"start":{"line":46,"column":21},"end":{"line":46,"column":49}},"7":{"start":{"line":47,"column":6},"end":{"line":49,"column":7}},"8":{"start":{"line":48,"column":8},"end":{"line":48,"column":45}},"9":{"start":{"line":50,"column":6},"end":{"line":53,"column":7}},"10":{"start":{"line":51,"column":24},"end":{"line":51,"column":38}},"11":{"start":{"line":52,"column":8},"end":{"line":52,"column":102}},"12":{"start":{"line":56,"column":6},"end":{"line":56,"column":52}},"13":{"start":{"line":60,"column":2},"end":{"line":60,"column":16}},"14":{"start":{"line":64,"column":17},"end":{"line":64,"column":49}},"15":{"start":{"line":65,"column":22},"end":{"line":65,"column":41}},"16":{"start":{"line":67,"column":18},"end":{"line":75,"column":null}},"17":{"start":{"line":70,"column":6},"end":{"line":70,"column":32}},"18":{"start":{"line":71,"column":6},"end":{"line":71,"column":83}},"19":{"start":{"line":74,"column":6},"end":{"line":74,"column":64}},"20":{"start":{"line":78,"column":2},"end":{"line":78,"column":29}},"21":{"start":{"line":78,"column":15},"end":{"line":78,"column":28}},"22":{"start":{"line":89,"column":109},"end":{"line":89,"column":116}},"23":{"start":{"line":91,"column":36},"end":{"line":121,"column":4}},"24":{"start":{"line":98,"column":22},"end":{"line":98,"column":36}},"25":{"start":{"line":100,"column":6},"end":{"line":108,"column":7}},"26":{"start":{"line":101,"column":8},"end":{"line":103,"column":9}},"27":{"start":{"line":101,"column":39},"end":{"line":101,"column":63}},"28":{"start":{"line":102,"column":10},"end":{"line":102,"column":17}},"29":{"start":{"line":105,"column":8},"end":{"line":107,"column":9}},"30":{"start":{"line":105,"column":37},"end":{"line":105,"column":61}},"31":{"start":{"line":106,"column":10},"end":{"line":106,"column":17}},"32":{"start":{"line":110,"column":21},"end":{"line":110,"column":49}},"33":{"start":{"line":111,"column":6},"end":{"line":113,"column":7}},"34":{"start":{"line":112,"column":8},"end":{"line":112,"column":45}},"35":{"start":{"line":114,"column":6},"end":{"line":116,"column":7}},"36":{"start":{"line":115,"column":8},"end":{"line":115,"column":102}},"37":{"start":{"line":119,"column":6},"end":{"line":119,"column":52}},"38":{"start":{"line":123,"column":46},"end":{"line":125,"column":4}},"39":{"start":{"line":127,"column":2},"end":{"line":129,"column":3}},"40":{"start":{"line":128,"column":4},"end":{"line":128,"column":89}},"41":{"start":{"line":131,"column":2},"end":{"line":131,"column":16}}},"fnMap":{"0":{"name":"createVueProxyConfig","decl":{"start":{"line":25,"column":16},"end":{"line":25,"column":36}},"loc":{"start":{"line":27,"column":37},"end":{"line":61,"column":1}}},"1":{"name":"(anonymous_1)","decl":{"start":{"line":45,"column":16},"end":{"line":45,"column":17}},"loc":{"start":{"line":45,"column":56},"end":{"line":54,"column":5}}},"2":{"name":"(anonymous_2)","decl":{"start":{"line":55,"column":31},"end":{"line":55,"column":32}},"loc":{"start":{"line":55,"column":46},"end":{"line":57,"column":5}}},"3":{"name":"createFileCookieGetter","decl":{"start":{"line":63,"column":16},"end":{"line":63,"column":38}},"loc":{"start":{"line":63,"column":57},"end":{"line":79,"column":1}}},"4":{"name":"(anonymous_4)","decl":{"start":{"line":69,"column":4},"end":{"line":69,"column":5}},"loc":{"start":{"line":69,"column":18},"end":{"line":72,"column":5}}},"5":{"name":"(anonymous_5)","decl":{"start":{"line":73,"column":4},"end":{"line":73,"column":5}},"loc":{"start":{"line":73,"column":14},"end":{"line":75,"column":5}}},"6":{"name":"(anonymous_6)","decl":{"start":{"line":78,"column":9},"end":{"line":78,"column":12}},"loc":{"start":{"line":78,"column":15},"end":{"line":78,"column":28}}},"7":{"name":"createAutoProxyConfig","decl":{"start":{"line":88,"column":16},"end":{"line":88,"column":37}},"loc":{"start":{"line":88,"column":69},"end":{"line":132,"column":1}}},"8":{"name":"(anonymous_8)","decl":{"start":{"line":97,"column":16},"end":{"line":97,"column":17}},"loc":{"start":{"line":97,"column":56},"end":{"line":117,"column":5}}},"9":{"name":"(anonymous_9)","decl":{"start":{"line":101,"column":31},"end":{"line":101,"column":35}},"loc":{"start":{"line":101,"column":39},"end":{"line":101,"column":63}}},"10":{"name":"(anonymous_10)","decl":{"start":{"line":105,"column":29},"end":{"line":105,"column":33}},"loc":{"start":{"line":105,"column":37},"end":{"line":105,"column":61}}},"11":{"name":"(anonymous_11)","decl":{"start":{"line":118,"column":13},"end":{"line":118,"column":14}},"loc":{"start":{"line":118,"column":28},"end":{"line":120,"column":5}}}},"branchMap":{"0":{"loc":{"start":{"line":27,"column":2},"end":{"line":27,"column":37}},"type":"default-arg","locations":[{"start":{"line":27,"column":35},"end":{"line":27,"column":37}}]},"1":{"loc":{"start":{"line":31,"column":4},"end":{"line":31,"column":17}},"type":"default-arg","locations":[{"start":{"line":31,"column":12},"end":{"line":31,"column":17}}]},"2":{"loc":{"start":{"line":32,"column":4},"end":{"line":32,"column":16}},"type":"default-arg","locations":[{"start":{"line":32,"column":14},"end":{"line":32,"column":16}}]},"3":{"loc":{"start":{"line":33,"column":4},"end":{"line":33,"column":14}},"type":"default-arg","locations":[{"start":{"line":33,"column":9},"end":{"line":33,"column":14}}]},"4":{"loc":{"start":{"line":34,"column":4},"end":{"line":34,"column":23}},"type":"default-arg","locations":[{"start":{"line":34,"column":19},"end":{"line":34,"column":23}}]},"5":{"loc":{"start":{"line":35,"column":4},"end":{"line":35,"column":18}},"type":"default-arg","locations":[{"start":{"line":35,"column":13},"end":{"line":35,"column":18}}]},"6":{"loc":{"start":{"line":46,"column":21},"end":{"line":46,"column":49}},"type":"cond-expr","locations":[{"start":{"line":46,"column":33},"end":{"line":46,"column":44}},{"start":{"line":46,"column":47},"end":{"line":46,"column":49}}]},"7":{"loc":{"start":{"line":47,"column":6},"end":{"line":49,"column":7}},"type":"if","locations":[{"start":{"line":47,"column":6},"end":{"line":49,"column":7}},{"start":{},"end":{}}]},"8":{"loc":{"start":{"line":50,"column":6},"end":{"line":53,"column":7}},"type":"if","locations":[{"start":{"line":50,"column":6},"end":{"line":53,"column":7}},{"start":{},"end":{}}]},"9":{"loc":{"start":{"line":51,"column":24},"end":{"line":51,"column":38}},"type":"binary-expr","locations":[{"start":{"line":51,"column":24},"end":{"line":51,"column":31}},{"start":{"line":51,"column":35},"end":{"line":51,"column":38}}]},"10":{"loc":{"start":{"line":52,"column":60},"end":{"line":52,"column":100}},"type":"cond-expr","locations":[{"start":{"line":52,"column":69},"end":{"line":52,"column":84}},{"start":{"line":52,"column":87},"end":{"line":52,"column":100}}]},"11":{"loc":{"start":{"line":55,"column":13},"end":{"line":57,"column":6}},"type":"binary-expr","locations":[{"start":{"line":55,"column":13},"end":{"line":55,"column":26}},{"start":{"line":55,"column":31},"end":{"line":57,"column":5}}]},"12":{"loc":{"start":{"line":71,"column":43},"end":{"line":71,"column":81}},"type":"cond-expr","locations":[{"start":{"line":71,"column":55},"end":{"line":71,"column":69}},{"start":{"line":71,"column":72},"end":{"line":71,"column":81}}]},"13":{"loc":{"start":{"line":89,"column":18},"end":{"line":89,"column":34}},"type":"default-arg","locations":[{"start":{"line":89,"column":32},"end":{"line":89,"column":34}}]},"14":{"loc":{"start":{"line":89,"column":36},"end":{"line":89,"column":53}},"type":"default-arg","locations":[{"start":{"line":89,"column":51},"end":{"line":89,"column":53}}]},"15":{"loc":{"start":{"line":89,"column":55},"end":{"line":89,"column":77}},"type":"default-arg","locations":[{"start":{"line":89,"column":75},"end":{"line":89,"column":77}}]},"16":{"loc":{"start":{"line":98,"column":22},"end":{"line":98,"column":36}},"type":"binary-expr","locations":[{"start":{"line":98,"column":22},"end":{"line":98,"column":29}},{"start":{"line":98,"column":33},"end":{"line":98,"column":36}}]},"17":{"loc":{"start":{"line":100,"column":6},"end":{"line":108,"column":7}},"type":"if","locations":[{"start":{"line":100,"column":6},"end":{"line":108,"column":7}},{"start":{"line":104,"column":13},"end":{"line":108,"column":7}}]},"18":{"loc":{"start":{"line":101,"column":8},"end":{"line":103,"column":9}},"type":"if","locations":[{"start":{"line":101,"column":8},"end":{"line":103,"column":9}},{"start":{},"end":{}}]},"19":{"loc":{"start":{"line":105,"column":8},"end":{"line":107,"column":9}},"type":"if","locations":[{"start":{"line":105,"column":8},"end":{"line":107,"column":9}},{"start":{},"end":{}}]},"20":{"loc":{"start":{"line":110,"column":21},"end":{"line":110,"column":49}},"type":"cond-expr","locations":[{"start":{"line":110,"column":33},"end":{"line":110,"column":44}},{"start":{"line":110,"column":47},"end":{"line":110,"column":49}}]},"21":{"loc":{"start":{"line":111,"column":6},"end":{"line":113,"column":7}},"type":"if","locations":[{"start":{"line":111,"column":6},"end":{"line":113,"column":7}},{"start":{},"end":{}}]},"22":{"loc":{"start":{"line":114,"column":6},"end":{"line":116,"column":7}},"type":"if","locations":[{"start":{"line":114,"column":6},"end":{"line":116,"column":7}},{"start":{},"end":{}}]},"23":{"loc":{"start":{"line":115,"column":60},"end":{"line":115,"column":100}},"type":"cond-expr","locations":[{"start":{"line":115,"column":69},"end":{"line":115,"column":84}},{"start":{"line":115,"column":87},"end":{"line":115,"column":100}}]}},"s":{"0":3,"1":3,"2":3,"3":3,"4":15,"5":15,"6":5,"7":5,"8":3,"9":5,"10":0,"11":0,"12":0,"13":15,"14":6,"15":6,"16":6,"17":0,"18":0,"19":0,"20":6,"21":6,"22":18,"23":18,"24":8,"25":8,"26":2,"27":2,"28":1,"29":6,"30":2,"31":1,"32":6,"33":6,"34":4,"35":6,"36":0,"37":1,"38":18,"39":18,"40":4,"41":18},"f":{"0":15,"1":5,"2":0,"3":6,"4":0,"5":0,"6":6,"7":18,"8":8,"9":2,"10":2,"11":1},"b":{"0":[1],"1":[14],"2":[13],"3":[14],"4":[14],"5":[14],"6":[4,1],"7":[3,2],"8":[0,5],"9":[0,0],"10":[0,0],"11":[15,14],"12":[0,0],"13":[14],"14":[14],"15":[15],"16":[8,0],"17":[2,6],"18":[1,1],"19":[1,5],"20":[5,1],"21":[4,2],"22":[0,6],"23":[0,0]}}
,"/Users/ganyanlin/Desktop/shuzhi_code/project/dos/dev-proxy-cookie/src/utils/cookie-reader.ts": {"path":"/Users/ganyanlin/Desktop/shuzhi_code/project/dos/dev-proxy-cookie/src/utils/cookie-reader.ts","statementMap":{"0":{"start":{"line":51,"column":0},"end":{"line":51,"column":16}},"1":{"start":{"line":1,"column":0},"end":{"line":1,"column":25}},"2":{"start":{"line":2,"column":0},"end":{"line":2,"column":29}},"3":{"start":{"line":13,"column":4},"end":{"line":16,"column":6}},"4":{"start":{"line":20,"column":4},"end":{"line":34,"column":5}},"5":{"start":{"line":21,"column":23},"end":{"line":21,"column":60}},"6":{"start":{"line":22,"column":6},"end":{"line":30,"column":7}},"7":{"start":{"line":23,"column":24},"end":{"line":23,"column":83}},"8":{"start":{"line":25,"column":22},"end":{"line":25,"column":41}},"9":{"start":{"line":26,"column":28},"end":{"line":28,"column":56}},"10":{"start":{"line":27,"column":23},"end":{"line":27,"column":34}},"11":{"start":{"line":28,"column":26},"end":{"line":28,"column":55}},"12":{"start":{"line":29,"column":8},"end":{"line":29,"column":38}},"13":{"start":{"line":31,"column":6},"end":{"line":31,"column":16}},"14":{"start":{"line":33,"column":6},"end":{"line":33,"column":16}},"15":{"start":{"line":38,"column":21},"end":{"line":38,"column":58}},"16":{"start":{"line":39,"column":16},"end":{"line":39,"column":38}},"17":{"start":{"line":41,"column":4},"end":{"line":43,"column":5}},"18":{"start":{"line":42,"column":6},"end":{"line":42,"column":45}},"19":{"start":{"line":45,"column":4},"end":{"line":47,"column":5}},"20":{"start":{"line":46,"column":6},"end":{"line":46,"column":37}},"21":{"start":{"line":9,"column":0},"end":{"line":9,"column":13}},"22":{"start":{"line":52,"column":17},"end":{"line":52,"column":49}},"23":{"start":{"line":53,"column":2},"end":{"line":53,"column":35}},"24":{"start":{"line":53,"column":15},"end":{"line":53,"column":34}}},"fnMap":{"0":{"name":"(anonymous_9)","decl":{"start":{"line":12,"column":2},"end":{"line":12,"column":14}},"loc":{"start":{"line":12,"column":42},"end":{"line":17,"column":3}}},"1":{"name":"(anonymous_10)","decl":{"start":{"line":19,"column":2},"end":{"line":19,"column":12}},"loc":{"start":{"line":19,"column":12},"end":{"line":35,"column":3}}},"2":{"name":"(anonymous_11)","decl":{"start":{"line":27,"column":15},"end":{"line":27,"column":19}},"loc":{"start":{"line":27,"column":23},"end":{"line":27,"column":34}}},"3":{"name":"(anonymous_12)","decl":{"start":{"line":28,"column":18},"end":{"line":28,"column":22}},"loc":{"start":{"line":28,"column":26},"end":{"line":28,"column":55}}},"4":{"name":"(anonymous_13)","decl":{"start":{"line":37,"column":2},"end":{"line":37,"column":18}},"loc":{"start":{"line":37,"column":18},"end":{"line":48,"column":3}}},"5":{"name":"createCookieGetter","decl":{"start":{"line":51,"column":16},"end":{"line":51,"column":34}},"loc":{"start":{"line":51,"column":53},"end":{"line":54,"column":1}}},"6":{"name":"(anonymous_15)","decl":{"start":{"line":53,"column":9},"end":{"line":53,"column":12}},"loc":{"start":{"line":53,"column":15},"end":{"line":53,"column":34}}}},"branchMap":{"0":{"loc":{"start":{"line":22,"column":6},"end":{"line":30,"column":7}},"type":"if","locations":[{"start":{"line":22,"column":6},"end":{"line":30,"column":7}},{"start":{},"end":{}}]},"1":{"loc":{"start":{"line":23,"column":50},"end":{"line":23,"column":82}},"type":"binary-expr","locations":[{"start":{"line":23,"column":50},"end":{"line":23,"column":71}},{"start":{"line":23,"column":75},"end":{"line":23,"column":82}}]},"2":{"loc":{"start":{"line":28,"column":26},"end":{"line":28,"column":55}},"type":"binary-expr","locations":[{"start":{"line":28,"column":26},"end":{"line":28,"column":30}},{"start":{"line":28,"column":34},"end":{"line":28,"column":55}}]},"3":{"loc":{"start":{"line":41,"column":4},"end":{"line":43,"column":5}},"type":"if","locations":[{"start":{"line":41,"column":4},"end":{"line":43,"column":5}},{"start":{},"end":{}}]},"4":{"loc":{"start":{"line":45,"column":4},"end":{"line":47,"column":5}},"type":"if","locations":[{"start":{"line":45,"column":4},"end":{"line":47,"column":5}},{"start":{},"end":{}}]}},"s":{"0":8,"1":8,"2":8,"3":103,"4":57,"5":57,"6":57,"7":54,"8":54,"9":54,"10":82,"11":82,"12":54,"13":3,"14":0,"15":23,"16":23,"17":23,"18":1,"19":23,"20":5,"21":8,"22":2,"23":2,"24":3},"f":{"0":103,"1":57,"2":82,"3":82,"4":23,"5":2,"6":3},"b":{"0":[54,3],"1":[54,0],"2":[82,69],"3":[1,22],"4":[5,18]}}
,"/Users/ganyanlin/Desktop/shuzhi_code/project/dos/dev-proxy-cookie/src/utils/cookie-watcher.ts": {"path":"/Users/ganyanlin/Desktop/shuzhi_code/project/dos/dev-proxy-cookie/src/utils/cookie-watcher.ts","statementMap":{"0":{"start":{"line":76,"column":0},"end":{"line":76,"column":16}},"1":{"start":{"line":3,"column":0},"end":{"line":3,"column":47}},"2":{"start":{"line":4,"column":0},"end":{"line":4,"column":47}},"3":{"start":{"line":14,"column":10},"end":{"line":14,"column":43}},"4":{"start":{"line":17,"column":10},"end":{"line":17,"column":35}},"5":{"start":{"line":27,"column":10},"end":{"line":34,"column":4}},"6":{"start":{"line":28,"column":23},"end":{"line":28,"column":53}},"7":{"start":{"line":29,"column":4},"end":{"line":33,"column":5}},"8":{"start":{"line":30,"column":6},"end":{"line":30,"column":36}},"9":{"start":{"line":31,"column":6},"end":{"line":31,"column":46}},"10":{"start":{"line":32,"column":6},"end":{"line":32,"column":90}},"11":{"start":{"line":20,"column":4},"end":{"line":23,"column":6}},"12":{"start":{"line":24,"column":4},"end":{"line":24,"column":77}},"13":{"start":{"line":37,"column":4},"end":{"line":39,"column":5}},"14":{"start":{"line":38,"column":6},"end":{"line":38,"column":43}},"15":{"start":{"line":41,"column":4},"end":{"line":41,"column":54}},"16":{"start":{"line":42,"column":4},"end":{"line":42,"column":80}},"17":{"start":{"line":44,"column":4},"end":{"line":60,"column":5}},"18":{"start":{"line":45,"column":6},"end":{"line":52,"column":9}},"19":{"start":{"line":54,"column":6},"end":{"line":54,"column":51}},"20":{"start":{"line":55,"column":6},"end":{"line":57,"column":9}},"21":{"start":{"line":56,"column":8},"end":{"line":56,"column":38}},"22":{"start":{"line":59,"column":6},"end":{"line":59,"column":45}},"23":{"start":{"line":64,"column":4},"end":{"line":68,"column":5}},"24":{"start":{"line":65,"column":6},"end":{"line":65,"column":27}},"25":{"start":{"line":66,"column":6},"end":{"line":66,"column":26}},"26":{"start":{"line":67,"column":6},"end":{"line":67,"column":82}},"27":{"start":{"line":72,"column":4},"end":{"line":72,"column":28}},"28":{"start":{"line":13,"column":0},"end":{"line":13,"column":13}},"29":{"start":{"line":81,"column":18},"end":{"line":85,"column":4}},"30":{"start":{"line":86,"column":2},"end":{"line":86,"column":18}},"31":{"start":{"line":87,"column":2},"end":{"line":87,"column":17}}},"fnMap":{"0":{"name":"(anonymous_1)","decl":{"start":{"line":19,"column":2},"end":{"line":19,"column":14}},"loc":{"start":{"line":19,"column":43},"end":{"line":25,"column":3}}},"1":{"name":"(anonymous_2)","decl":{"start":{"line":27,"column":25},"end":{"line":27,"column":34}},"loc":{"start":{"line":27,"column":36},"end":{"line":34,"column":3}}},"2":{"name":"(anonymous_3)","decl":{"start":{"line":36,"column":2},"end":{"line":36,"column":7}},"loc":{"start":{"line":36,"column":7},"end":{"line":61,"column":3}}},"3":{"name":"(anonymous_4)","decl":{"start":{"line":55,"column":31},"end":{"line":55,"column":32}},"loc":{"start":{"line":55,"column":41},"end":{"line":57,"column":7}}},"4":{"name":"(anonymous_5)","decl":{"start":{"line":63,"column":2},"end":{"line":63,"column":6}},"loc":{"start":{"line":63,"column":6},"end":{"line":69,"column":3}}},"5":{"name":"(anonymous_6)","decl":{"start":{"line":71,"column":2},"end":{"line":71,"column":18}},"loc":{"start":{"line":71,"column":18},"end":{"line":73,"column":3}}},"6":{"name":"watchCookieFile","decl":{"start":{"line":76,"column":16},"end":{"line":76,"column":31}},"loc":{"start":{"line":79,"column":34},"end":{"line":88,"column":1}}}},"branchMap":{"0":{"loc":{"start":{"line":29,"column":4},"end":{"line":33,"column":5}},"type":"if","locations":[{"start":{"line":29,"column":4},"end":{"line":33,"column":5}},{"start":{},"end":{}}]},"1":{"loc":{"start":{"line":37,"column":4},"end":{"line":39,"column":5}},"type":"if","locations":[{"start":{"line":37,"column":4},"end":{"line":39,"column":5}},{"start":{},"end":{}}]},"2":{"loc":{"start":{"line":64,"column":4},"end":{"line":68,"column":5}},"type":"if","locations":[{"start":{"line":64,"column":4},"end":{"line":68,"column":5}},{"start":{},"end":{}}]}},"s":{"0":8,"1":8,"2":8,"3":24,"4":24,"5":24,"6":12,"7":12,"8":9,"9":9,"10":9,"11":24,"12":24,"13":21,"14":21,"15":21,"16":21,"17":21,"18":21,"19":21,"20":21,"21":1,"22":0,"23":18,"24":15,"25":15,"26":15,"27":8,"28":8,"29":19,"30":19,"31":19},"f":{"0":24,"1":12,"2":21,"3":1,"4":18,"5":8,"6":19},"b":{"0":[9,3],"1":[21,0],"2":[15,3]}}
,"/Users/ganyanlin/Desktop/shuzhi_code/project/dos/dev-proxy-cookie/src/utils/index.ts": {"path":"/Users/ganyanlin/Desktop/shuzhi_code/project/dos/dev-proxy-cookie/src/utils/index.ts","statementMap":{"0":{"start":{"line":1,"column":0},"end":{"line":1,"column":32}},"1":{"start":{"line":2,"column":0},"end":{"line":2,"column":33}}},"fnMap":{},"branchMap":{},"s":{"0":7,"1":7},"f":{},"b":{}}
}
