TN:
SF:src/index.ts
FNF:0
FNH:0
DA:1,0
DA:2,0
LF:2
LH:0
BRF:0
BRH:0
end_of_record
TN:
SF:src/proxy/core.ts
FN:72,(anonymous_10)
FN:109,(anonymous_11)
FN:192,(anonymous_12)
FN:213,(anonymous_13)
FN:240,(anonymous_14)
FN:262,(anonymous_15)
FN:74,(anonymous_16)
FN:75,(anonymous_17)
FN:76,(anonymous_18)
FN:77,(anonymous_19)
FN:126,(anonymous_20)
FN:139,(anonymous_21)
FN:141,(anonymous_22)
FN:146,(anonymous_23)
FN:162,(anonymous_24)
FN:279,(anonymous_25)
FN:310,(anonymous_26)
FN:340,(anonymous_27)
FN:374,(anonymous_28)
FN:378,(anonymous_29)
FN:384,(anonymous_30)
FN:396,(anonymous_31)
FN:401,createAutoProxyCookie
FNF:23
FNH:14
FNDA:47,(anonymous_10)
FNDA:5,(anonymous_11)
FNDA:1,(anonymous_12)
FNDA:1,(anonymous_13)
FNDA:1,(anonymous_14)
FNDA:1,(anonymous_15)
FNDA:0,(anonymous_16)
FNDA:0,(anonymous_17)
FNDA:0,(anonymous_18)
FNDA:0,(anonymous_19)
FNDA:16,(anonymous_20)
FNDA:15,(anonymous_21)
FNDA:34,(anonymous_22)
FNDA:13,(anonymous_23)
FNDA:1,(anonymous_24)
FNDA:0,(anonymous_25)
FNDA:0,(anonymous_26)
FNDA:0,(anonymous_27)
FNDA:0,(anonymous_28)
FNDA:0,(anonymous_29)
FNDA:3,(anonymous_30)
FNDA:6,(anonymous_31)
FNDA:47,createAutoProxyCookie
DA:1,5
DA:3,5
DA:4,5
DA:7,5
DA:8,5
DA:64,5
DA:66,47
DA:67,47
DA:68,47
DA:69,47
DA:73,47
DA:80,47
DA:88,47
DA:106,47
DA:109,47
DA:110,5
DA:111,2
DA:112,2
DA:114,2
DA:115,1
DA:116,1
DA:120,1
DA:121,1
DA:127,16
DA:128,16
DA:130,16
DA:131,22
DA:132,11
DA:136,5
DA:140,15
DA:141,15
DA:142,34
DA:147,13
DA:148,13
DA:149,13
DA:151,13
DA:152,11
DA:153,4
DA:154,7
DA:155,0
DA:157,7
DA:173,1
DA:175,1
DA:192,47
DA:193,1
DA:194,0
DA:195,0
DA:196,0
DA:198,0
DA:202,1
DA:204,1
DA:205,1
DA:206,1
DA:208,0
DA:213,47
DA:214,1
DA:224,1
DA:225,1
DA:226,1
DA:227,1
DA:229,1
DA:231,1
DA:232,1
DA:233,1
DA:235,0
DA:240,47
DA:241,1
DA:242,1
DA:244,1
DA:245,0
DA:246,0
DA:253,1
DA:254,1
DA:255,1
DA:257,0
DA:262,47
DA:263,1
DA:264,1
DA:266,1
DA:267,1
DA:270,1
DA:271,1
DA:272,1
DA:274,0
DA:280,0
DA:281,0
DA:283,0
DA:284,0
DA:296,0
DA:298,0
DA:299,0
DA:300,0
DA:301,0
DA:302,0
DA:305,0
DA:307,0
DA:310,0
DA:311,0
DA:313,0
DA:314,0
DA:315,0
DA:318,0
DA:320,0
DA:321,0
DA:322,0
DA:323,0
DA:326,0
DA:328,0
DA:329,0
DA:331,0
DA:332,0
DA:335,0
DA:339,0
DA:340,0
DA:341,0
DA:343,0
DA:344,0
DA:345,0
DA:348,0
DA:350,0
DA:358,0
DA:361,0
DA:363,0
DA:364,0
DA:365,0
DA:366,0
DA:367,0
DA:369,0
DA:370,0
DA:375,0
DA:379,0
DA:385,3
DA:386,0
DA:387,0
DA:389,3
DA:390,0
DA:391,0
DA:393,3
DA:397,6
DA:401,5
DA:402,47
LF:141
LH:79
BRDA:110,0,0,2
BRDA:110,0,1,3
BRDA:112,1,0,2
BRDA:112,1,1,0
BRDA:114,2,0,1
BRDA:114,2,1,1
BRDA:114,3,0,2
BRDA:114,3,1,1
BRDA:193,4,0,0
BRDA:193,4,1,1
BRDA:195,5,0,0
BRDA:195,5,1,0
BRDA:204,6,0,1
BRDA:204,6,1,0
BRDA:231,7,0,1
BRDA:231,7,1,0
BRDA:244,8,0,0
BRDA:244,8,1,1
BRDA:244,9,0,1
BRDA:244,9,1,0
BRDA:253,10,0,1
BRDA:253,10,1,0
BRDA:266,11,0,1
BRDA:266,11,1,0
BRDA:270,12,0,1
BRDA:270,12,1,0
BRDA:84,13,0,47
BRDA:84,13,1,42
BRDA:127,14,0,16
BRDA:127,14,1,2
BRDA:128,15,0,16
BRDA:128,15,1,0
BRDA:131,16,0,11
BRDA:131,16,1,11
BRDA:140,17,0,15
BRDA:140,17,1,0
BRDA:148,18,0,13
BRDA:148,18,1,0
BRDA:151,19,0,11
BRDA:151,19,1,2
BRDA:152,20,0,4
BRDA:152,20,1,7
BRDA:154,21,0,0
BRDA:154,21,1,7
BRDA:301,22,0,0
BRDA:301,22,1,0
BRDA:311,23,0,0
BRDA:311,23,1,0
BRDA:313,24,0,0
BRDA:313,24,1,0
BRDA:320,25,0,0
BRDA:320,25,1,0
BRDA:322,26,0,0
BRDA:322,26,1,0
BRDA:322,27,0,0
BRDA:322,27,1,0
BRDA:339,28,0,0
BRDA:339,28,1,0
BRDA:339,29,0,0
BRDA:339,29,1,0
BRDA:339,29,2,0
BRDA:341,30,0,0
BRDA:341,30,1,0
BRDA:343,31,0,0
BRDA:343,31,1,0
BRDA:366,32,0,0
BRDA:366,32,1,0
BRDA:369,33,0,0
BRDA:369,33,1,0
BRDA:385,34,0,0
BRDA:385,34,1,3
BRDA:389,35,0,0
BRDA:389,35,1,3
BRF:73
BRH:31
end_of_record
TN:
SF:src/proxy/index.ts
FNF:0
FNH:0
DA:1,2
DA:2,2
DA:3,2
DA:4,2
DA:5,2
LF:5
LH:5
BRF:0
BRH:0
end_of_record
TN:
SF:src/proxy/vite-adapter.ts
FN:8,detectViteVersion
FN:37,createDevProxyCookie
FN:70,getViteVersion
FN:75,getViteMajorVersion
FNF:4
FNH:4
FNDA:14,detectViteVersion
FNDA:10,createDevProxyCookie
FNDA:2,getViteVersion
FNDA:2,getViteMajorVersion
DA:2,3
DA:3,3
DA:5,3
DA:6,3
DA:9,14
DA:10,13
DA:13,1
DA:14,1
DA:15,1
DA:16,1
DA:18,0
DA:21,1
DA:37,3
DA:41,10
DA:43,10
DA:45,10
DA:46,1
DA:49,10
DA:50,3
DA:57,7
DA:67,7
DA:70,3
DA:71,2
DA:72,2
DA:75,3
DA:76,2
LF:26
LH:25
BRDA:9,0,0,13
BRDA:9,0,1,1
BRDA:39,1,0,5
BRDA:45,2,0,1
BRDA:45,2,1,9
BRDA:49,3,0,3
BRDA:49,3,1,7
BRDA:49,4,0,10
BRDA:49,4,1,8
BRDA:49,4,2,7
BRDA:61,5,0,7
BRDA:61,5,1,6
BRF:12
BRH:12
end_of_record
TN:
SF:src/proxy/vite-cookie-plugin.ts
FN:10,viteDevProxyCookie
FN:21,(anonymous_1)
FN:32,(anonymous_2)
FN:45,(anonymous_3)
FN:50,(anonymous_4)
FN:56,(anonymous_5)
FNF:6
FNH:1
FNDA:8,viteDevProxyCookie
FNDA:0,(anonymous_1)
FNDA:0,(anonymous_2)
FNDA:0,(anonymous_3)
FNDA:0,(anonymous_4)
FNDA:0,(anonymous_5)
DA:2,4
DA:10,4
DA:11,8
DA:12,8
DA:13,8
DA:15,8
DA:17,8
DA:22,0
DA:23,0
DA:24,0
DA:27,0
DA:31,0
DA:32,0
DA:33,0
DA:34,0
DA:35,0
DA:37,0
DA:40,0
DA:43,0
DA:46,0
DA:47,0
DA:48,0
DA:51,0
DA:57,0
LF:24
LH:7
BRDA:11,0,0,7
BRDA:23,1,0,0
BRDA:23,1,1,0
BRDA:27,2,0,0
BRDA:27,2,1,0
BRDA:27,2,2,0
BRDA:31,3,0,0
BRDA:31,3,1,0
BRDA:31,4,0,0
BRDA:31,4,1,0
BRDA:33,5,0,0
BRDA:33,5,1,0
BRDA:33,6,0,0
BRDA:33,6,1,0
BRDA:34,7,0,0
BRDA:34,7,1,0
BRF:16
BRH:1
end_of_record
TN:
SF:src/proxy/vite-plugin.ts
FN:54,(anonymous_0)
FN:54,(anonymous_1)
FN:8,getHttpServer
FN:18,viteAutoProxyCookie
FN:30,(anonymous_4)
FN:48,(anonymous_5)
FNF:6
FNH:1
FNDA:0,(anonymous_0)
FNDA:0,(anonymous_1)
FNDA:0,getHttpServer
FNDA:11,viteAutoProxyCookie
FNDA:0,(anonymous_4)
FNDA:0,(anonymous_5)
DA:2,4
DA:9,0
DA:10,0
DA:12,0
DA:13,0
DA:15,0
DA:18,4
DA:22,11
DA:24,11
DA:26,11
DA:31,0
DA:37,0
DA:38,0
DA:40,0
DA:42,0
DA:43,0
DA:49,0
DA:54,4
LF:18
LH:6
BRDA:9,0,0,0
BRDA:9,0,1,0
BRDA:9,1,0,0
BRDA:9,1,1,0
BRDA:12,2,0,0
BRDA:12,2,1,0
BRDA:12,3,0,0
BRDA:12,3,1,0
BRDA:20,4,0,10
BRDA:33,5,0,0
BRDA:33,5,1,0
BRDA:34,6,0,0
BRDA:34,6,1,0
BRDA:42,7,0,0
BRDA:42,7,1,0
BRF:15
BRH:1
end_of_record
TN:
SF:src/proxy/vue-proxy-config.ts
FN:25,createVueProxyConfig
FN:45,(anonymous_1)
FN:55,(anonymous_2)
FN:63,createFileCookieGetter
FN:69,(anonymous_4)
FN:73,(anonymous_5)
FN:78,(anonymous_6)
FN:88,createAutoProxyConfig
FN:97,(anonymous_8)
FN:101,(anonymous_9)
FN:105,(anonymous_10)
FN:118,(anonymous_11)
FNF:12
FNH:9
FNDA:15,createVueProxyConfig
FNDA:5,(anonymous_1)
FNDA:0,(anonymous_2)
FNDA:6,createFileCookieGetter
FNDA:0,(anonymous_4)
FNDA:0,(anonymous_5)
FNDA:6,(anonymous_6)
FNDA:18,createAutoProxyConfig
FNDA:8,(anonymous_8)
FNDA:2,(anonymous_9)
FNDA:2,(anonymous_10)
FNDA:1,(anonymous_11)
DA:2,3
DA:25,3
DA:37,15
DA:39,15
DA:46,5
DA:47,5
DA:48,3
DA:50,5
DA:51,0
DA:52,0
DA:56,0
DA:60,15
DA:63,3
DA:64,6
DA:65,6
DA:67,6
DA:70,0
DA:71,0
DA:74,0
DA:78,6
DA:88,3
DA:89,18
DA:91,18
DA:98,8
DA:100,8
DA:101,2
DA:102,1
DA:105,6
DA:106,1
DA:110,6
DA:111,6
DA:112,4
DA:114,6
DA:115,0
DA:119,1
DA:123,18
DA:127,18
DA:128,4
DA:131,18
LF:39
LH:32
BRDA:27,0,0,1
BRDA:31,1,0,14
BRDA:32,2,0,13
BRDA:33,3,0,14
BRDA:34,4,0,14
BRDA:35,5,0,14
BRDA:46,6,0,4
BRDA:46,6,1,1
BRDA:47,7,0,3
BRDA:47,7,1,2
BRDA:50,8,0,0
BRDA:50,8,1,5
BRDA:51,9,0,0
BRDA:51,9,1,0
BRDA:52,10,0,0
BRDA:52,10,1,0
BRDA:55,11,0,15
BRDA:55,11,1,14
BRDA:71,12,0,0
BRDA:71,12,1,0
BRDA:89,13,0,14
BRDA:89,14,0,14
BRDA:89,15,0,15
BRDA:98,16,0,8
BRDA:98,16,1,0
BRDA:100,17,0,2
BRDA:100,17,1,6
BRDA:101,18,0,1
BRDA:101,18,1,1
BRDA:105,19,0,1
BRDA:105,19,1,5
BRDA:110,20,0,5
BRDA:110,20,1,1
BRDA:111,21,0,4
BRDA:111,21,1,2
BRDA:114,22,0,0
BRDA:114,22,1,6
BRDA:115,23,0,0
BRDA:115,23,1,0
BRF:39
BRH:28
end_of_record
TN:
SF:src/utils/cookie-reader.ts
FN:12,(anonymous_9)
FN:19,(anonymous_10)
FN:27,(anonymous_11)
FN:28,(anonymous_12)
FN:37,(anonymous_13)
FN:51,createCookieGetter
FN:53,(anonymous_15)
FNF:7
FNH:7
FNDA:103,(anonymous_9)
FNDA:57,(anonymous_10)
FNDA:82,(anonymous_11)
FNDA:82,(anonymous_12)
FNDA:23,(anonymous_13)
FNDA:2,createCookieGetter
FNDA:3,(anonymous_15)
DA:1,8
DA:2,8
DA:9,8
DA:13,103
DA:20,57
DA:21,57
DA:22,57
DA:23,54
DA:25,54
DA:26,54
DA:27,82
DA:28,82
DA:29,54
DA:31,3
DA:33,0
DA:38,23
DA:39,23
DA:41,23
DA:42,1
DA:45,23
DA:46,5
DA:51,8
DA:52,2
DA:53,3
LF:24
LH:23
BRDA:22,0,0,54
BRDA:22,0,1,3
BRDA:23,1,0,54
BRDA:23,1,1,0
BRDA:28,2,0,82
BRDA:28,2,1,69
BRDA:41,3,0,1
BRDA:41,3,1,22
BRDA:45,4,0,5
BRDA:45,4,1,18
BRF:10
BRH:9
end_of_record
TN:
SF:src/utils/cookie-watcher.ts
FN:19,(anonymous_1)
FN:27,(anonymous_2)
FN:36,(anonymous_3)
FN:55,(anonymous_4)
FN:63,(anonymous_5)
FN:71,(anonymous_6)
FN:76,watchCookieFile
FNF:7
FNH:7
FNDA:24,(anonymous_1)
FNDA:12,(anonymous_2)
FNDA:21,(anonymous_3)
FNDA:1,(anonymous_4)
FNDA:18,(anonymous_5)
FNDA:8,(anonymous_6)
FNDA:19,watchCookieFile
DA:3,8
DA:4,8
DA:13,8
DA:14,24
DA:17,24
DA:20,24
DA:24,24
DA:27,24
DA:28,12
DA:29,12
DA:30,9
DA:31,9
DA:32,9
DA:37,21
DA:38,21
DA:41,21
DA:42,21
DA:44,21
DA:45,21
DA:54,21
DA:55,21
DA:56,1
DA:59,0
DA:64,18
DA:65,15
DA:66,15
DA:67,15
DA:72,8
DA:76,8
DA:81,19
DA:86,19
DA:87,19
LF:32
LH:31
BRDA:29,0,0,9
BRDA:29,0,1,3
BRDA:37,1,0,21
BRDA:37,1,1,0
BRDA:64,2,0,15
BRDA:64,2,1,3
BRF:6
BRH:5
end_of_record
TN:
SF:src/utils/index.ts
FNF:0
FNH:0
DA:1,7
DA:2,7
LF:2
LH:2
BRF:0
BRH:0
end_of_record
